
                         MODELLER 10.4, 2022/10/28, r12463

     PROTEIN STRUCTURE MODELLING BY SATISFACTION OF SPATIAL RESTRAINTS


                     Copyright(c) 1989-2022 Andrej Sali
                            All Rights Reserved

                             Written by A. Sali
                               with help from
              B. Webb, M.S. Madhusudhan, M-Y. Shen, G.Q. Dong,
          M.A. Marti-Renom, N. Eswar, F. Alber, M. Topf, B. Oliva,
             A. Fiser, R. Sanchez, B. Yerkovich, A. Badretdinov,
                     F. Melo, J.P. Overington, E. Feyfant
                 University of California, San Francisco, USA
                    Rockefeller University, New York, USA
                      Harvard University, Cambridge, USA
                   Imperial Cancer Research Fund, London, UK
              Birkbeck College, University of London, London, UK


Kind, OS, HostName, Kernel, Processor: 4, Darwin Livs-MacBook-Pro.local 22.4.0 x86_64
Date and time of compilation         : 2022/10/28 13:27:37
MODELLER executable type             : mac10v4-intel64
Job starting time (YY/MM/DD HH:MM:SS): 2023/06/05 12:40:59

read_to_681_> topology.submodel read from topology file:        3
rdpdb___459W> Residue type  FGG not recognized. 'AutoModel' model building
              will treat this residue as a rigid body.
              To use real parameters, add the residue type to ${LIB}/restyp.lib,
              its topology to ${LIB}/top_*.lib, and suitable forcefield
              parameters to ${LIB}/par.lib.

getf_______W> RTF restraint not found in the atoms list:
              residue type, indices:    18   784
              atom names           : C     +N
              atom indices         :  6343     0

getf_______W> RTF restraint not found in the atoms list:
              residue type, indices:    18   784
              atom names           : C     CA    +N    O
              atom indices         :  6343  6339     0  6344
  #      ALGNMT CODE

  1  loop
  2  loop
69 atoms selected for loop refinement
mdtrsr__446W> A potential that relies on one protein is used, yet you have at
              least one known structure available. MDT, not library, potential is used.
condens_443_> Restraints marked for deletion were removed.
              Total number of restraints before, now:      351      297
preppdf_457W> Both soft sphere and statistical potential terms selected.


>> ENERGY; Differences between the model's features and restraints:
Number of all residues in MODEL                   :      788
Number of all, selected real atoms                :     6378      69
Number of all, selected pseudo atoms              :        0       0
Number of all static, selected restraints         :      297     297
COVALENT_CYS                                      :        F
NONBONDED_SEL_ATOMS                               :        1
Number of non-bonded pairs (excluding 1-2,1-3,1-4):     2890
Dynamic pairs routine                             : 5, NATM_SEL x NATM double loop
Atomic shift for contacts update (UPDATE_DYNAMIC) :    0.390
LENNARD_JONES_SWITCH                              :    6.500   7.500
COULOMB_JONES_SWITCH                              :    6.500   7.500
RESIDUE_SPAN_RANGE                                :        0   99999
NLOGN_USE                                         :       15
CONTACT_SHELL                                     :    7.000
DYNAMIC_PAIRS,_SPHERE,_COULOMB,_LENNARD,_MODELLER :        T       T       F       F       T
SPHERE_STDV                                       :    0.050
RADII_FACTOR                                      :    0.820
Current energy                                    :         205.4845





Summary of the restraint violations: 

   NUM     ... number of restraints.
   NUMVI   ... number of restraints with RVIOL > VIOL_REPORT_CUT[i].
   RVIOL   ... relative difference from the best value.
   NUMVP   ... number of restraints with -Ln(pdf) > VIOL_REPORT_CUT2[i].
   RMS_1   ... RMS(feature, minimally_violated_basis_restraint, NUMB).
   RMS_2   ... RMS(feature, best_value, NUMB).
   MOL.PDF ... scaled contribution to -Ln(Molecular pdf).

 #                     RESTRAINT_GROUP      NUM   NUMVI  NUMVP   RMS_1   RMS_2         MOL.PDF     S_i
------------------------------------------------------------------------------------------------------
 1 Bond length potential              :      72       0      0   0.012   0.012      2.7845       1.000
 2 Bond angle potential               :      98       0      3   3.453   3.453      22.497       1.000
 3 Stereochemical cosine torsion poten:      58       0      4  44.790  44.790      18.457       1.000
 4 Stereochemical improper torsion pot:      34       0      0   2.693   2.693      6.2626       1.000
 5 Soft-sphere overlap restraints     :    2890       0      1   0.004   0.004      6.1517       1.000
 6 Lennard-Jones 6-12 potential       :       0       0      0   0.000   0.000      0.0000       1.000
 7 Coulomb point-point electrostatic p:       0       0      0   0.000   0.000      0.0000       1.000
 8 H-bonding potential                :       0       0      0   0.000   0.000      0.0000       1.000
 9 Distance restraints 1 (CA-CA)      :       0       0      0   0.000   0.000      0.0000       1.000
10 Distance restraints 2 (N-O)        :       0       0      0   0.000   0.000      0.0000       1.000
11 Mainchain Phi dihedral restraints  :       0       0      0   0.000   0.000      0.0000       1.000
12 Mainchain Psi dihedral restraints  :       0       0      0   0.000   0.000      0.0000       1.000
13 Mainchain Omega dihedral restraints:      10       0      2   8.118   8.118      7.7776       1.000
14 Sidechain Chi_1 dihedral restraints:       6       0      0  99.610  99.610      3.0361       1.000
15 Sidechain Chi_2 dihedral restraints:       6       0      0  83.412  83.412      2.2349       1.000
16 Sidechain Chi_3 dihedral restraints:       1       0      0 118.070 118.070      1.5085       1.000
17 Sidechain Chi_4 dihedral restraints:       1       0      0   1.755   1.755     0.23300       1.000
18 Disulfide distance restraints      :       0       0      0   0.000   0.000      0.0000       1.000
19 Disulfide angle restraints         :       0       0      0   0.000   0.000      0.0000       1.000
20 Disulfide dihedral angle restraints:       0       0      0   0.000   0.000      0.0000       1.000
21 Lower bound distance restraints    :       0       0      0   0.000   0.000      0.0000       1.000
22 Upper bound distance restraints    :       0       0      0   0.000   0.000      0.0000       1.000
23 Distance restraints 3 (SDCH-MNCH)  :       0       0      0   0.000   0.000      0.0000       1.000
24 Sidechain Chi_5 dihedral restraints:       0       0      0   0.000   0.000      0.0000       1.000
25 Phi/Psi pair of dihedral restraints:      11       6      7  54.689 122.367      49.408       1.000
26 Distance restraints 4 (SDCH-SDCH)  :       0       0      0   0.000   0.000      0.0000       1.000
27 Distance restraints 5 (X-Y)        :       0       0      0   0.000   0.000      0.0000       1.000
28 NMR distance restraints 6 (X-Y)    :       0       0      0   0.000   0.000      0.0000       1.000
29 NMR distance restraints 7 (X-Y)    :       0       0      0   0.000   0.000      0.0000       1.000
30 Minimal distance restraints        :       0       0      0   0.000   0.000      0.0000       1.000
31 Non-bonded restraints              :    2746       0     24   1.876   1.876      85.134       1.000
32 Atomic accessibility restraints    :       0       0      0   0.000   0.000      0.0000       1.000
33 Atomic density restraints          :       0       0      0   0.000   0.000      0.0000       1.000
34 Absolute position restraints       :       0       0      0   0.000   0.000      0.0000       1.000
35 Dihedral angle difference restraint:       0       0      0   0.000   0.000      0.0000       1.000
36 GBSA implicit solvent potential    :       0       0      0   0.000   0.000      0.0000       1.000
37 EM density fitting potential       :       0       0      0   0.000   0.000      0.0000       1.000
38 SAXS restraints                    :       0       0      0   0.000   0.000      0.0000       1.000
39 Symmetry restraints                :       0       0      0   0.000   0.000      0.0000       1.000



List of the violated restraints:
   A restraint is violated when the relative difference
   from the best value (RVIOL) is larger than CUTOFF.

   ICSR   ... index of a restraint in the current set.
   RESNO  ... residue numbers of the first two atoms.
   ATM    ... IUPAC atom names of the first two atoms.
   FEAT   ... the value of the feature in the model.
   restr  ... the mean of the basis restraint with the smallest
              difference from the model (local minimum).
   viol   ... difference from the local minimum.
   rviol  ... relative difference from the local minimum.
   RESTR  ... the best value (global minimum).
   VIOL   ... difference from the best value.
   RVIOL  ... relative difference from the best value.


-------------------------------------------------------------------------------------------------

Feature 25                           : Phi/Psi pair of dihedral restraints     
List of the RVIOL violations larger than   :       6.5000

    #   ICSR  RESNO1/2 ATM1/2   INDATM1/2    FEAT   restr    viol   rviol   RESTR    VIOL   RVIOL
    1    265 758K 759F C   N    6126 6128 -141.62 -124.20   44.81    2.43  -63.20  166.00   18.94
    1        759F 759F N   CA   6128 6129  102.01  143.30                  -44.30
    2    266 759F 760I C   N    6137 6139   90.27 -120.60  153.85    9.32 -120.60  153.85    9.32
    2        760I 760I N   CA   6139 6140  168.12  130.30                  130.30
    3    267 760I 761D C   N    6145 6147  -79.66  -96.50   25.21    1.06  -63.30  136.42   15.92
    3        761D 761D N   CA   6147 6148   95.44  114.20                  -40.00
    4    268 761D 762G C   N    6153 6155  -62.69  -62.40   11.80    1.75   82.20  149.77   11.17
    4        762G 762G N   CA   6155 6156  -29.40  -41.20                    8.50
    5    270 763Y 764G C   N    6169 6171  -82.59  -62.40   49.21    8.42   82.20 -170.00   14.83
    5        764G 764G N   CA   6171 6172  -86.08  -41.20                    8.50
    6    271 764G 765I C   N    6173 6175  -69.80  -63.40    6.54    1.12 -120.60  179.89    8.41
    6        765I 765I N   CA   6175 6176  -42.27  -43.60                  130.30


report______> Distribution of short non-bonded contacts:

  serious non-bonded atom clash:  4334 6347   2.181
  serious non-bonded atom clash:  5495 6346   2.273
  serious non-bonded atom clash:  5562 6346   2.162
  serious non-bonded atom clash:  6346 6364   2.180

DISTANCE1:  0.00 2.10 2.20 2.30 2.40 2.50 2.60 2.70 2.80 2.90 3.00 3.10 3.20 3.30 3.40
DISTANCE2:  2.10 2.20 2.30 2.40 2.50 2.60 2.70 2.80 2.90 3.00 3.10 3.20 3.30 3.40 3.50
FREQUENCY:     0    3    1    1    2   41  101  361  519  763  705  840 1113 1225 1143


<< end of ENERGY.
preppdf_457W> Both soft sphere and statistical potential terms selected.
preppdf_457W> Both soft sphere and statistical potential terms selected.
preppdf_457W> Both soft sphere and statistical potential terms selected.
preppdf_457W> Both soft sphere and statistical potential terms selected.
preppdf_457W> Both soft sphere and statistical potential terms selected.
preppdf_457W> Both soft sphere and statistical potential terms selected.
preppdf_457W> Both soft sphere and statistical potential terms selected.
preppdf_457W> Both soft sphere and statistical potential terms selected.
preppdf_457W> Both soft sphere and statistical potential terms selected.
preppdf_457W> Both soft sphere and statistical potential terms selected.
preppdf_457W> Both soft sphere and statistical potential terms selected.
preppdf_457W> Both soft sphere and statistical potential terms selected.
preppdf_457W> Both soft sphere and statistical potential terms selected.
preppdf_457W> Both soft sphere and statistical potential terms selected.
preppdf_457W> Both soft sphere and statistical potential terms selected.
preppdf_457W> Both soft sphere and statistical potential terms selected.
preppdf_457W> Both soft sphere and statistical potential terms selected.
preppdf_457W> Both soft sphere and statistical potential terms selected.
preppdf_457W> Both soft sphere and statistical potential terms selected.
preppdf_457W> Both soft sphere and statistical potential terms selected.
preppdf_457W> Both soft sphere and statistical potential terms selected.
preppdf_457W> Both soft sphere and statistical potential terms selected.
preppdf_457W> Both soft sphere and statistical potential terms selected.
preppdf_457W> Both soft sphere and statistical potential terms selected.
preppdf_457W> Both soft sphere and statistical potential terms selected.
preppdf_457W> Both soft sphere and statistical potential terms selected.
preppdf_457W> Both soft sphere and statistical potential terms selected.
preppdf_457W> Both soft sphere and statistical potential terms selected.
preppdf_457W> Both soft sphere and statistical potential terms selected.
preppdf_457W> Both soft sphere and statistical potential terms selected.
preppdf_457W> Both soft sphere and statistical potential terms selected.
preppdf_457W> Both soft sphere and statistical potential terms selected.
preppdf_457W> Both soft sphere and statistical potential terms selected.
preppdf_457W> Both soft sphere and statistical potential terms selected.
preppdf_457W> Both soft sphere and statistical potential terms selected.


>> ENERGY; Differences between the model's features and restraints:
Number of all residues in MODEL                   :      788
Number of all, selected real atoms                :     6378      69
Number of all, selected pseudo atoms              :        0       0
Number of all static, selected restraints         :      297     297
COVALENT_CYS                                      :        F
NONBONDED_SEL_ATOMS                               :        1
Number of non-bonded pairs (excluding 1-2,1-3,1-4):     1585
Dynamic pairs routine                             : 5, NATM_SEL x NATM double loop
Atomic shift for contacts update (UPDATE_DYNAMIC) :    0.390
LENNARD_JONES_SWITCH                              :    6.500   7.500
COULOMB_JONES_SWITCH                              :    6.500   7.500
RESIDUE_SPAN_RANGE                                :        0   99999
NLOGN_USE                                         :       15
CONTACT_SHELL                                     :    7.000
DYNAMIC_PAIRS,_SPHERE,_COULOMB,_LENNARD,_MODELLER :        T       T       F       F       T
SPHERE_STDV                                       :    0.050
RADII_FACTOR                                      :    0.820
Current energy                                    :          42.8604





Summary of the restraint violations: 

   NUM     ... number of restraints.
   NUMVI   ... number of restraints with RVIOL > VIOL_REPORT_CUT[i].
   RVIOL   ... relative difference from the best value.
   NUMVP   ... number of restraints with -Ln(pdf) > VIOL_REPORT_CUT2[i].
   RMS_1   ... RMS(feature, minimally_violated_basis_restraint, NUMB).
   RMS_2   ... RMS(feature, best_value, NUMB).
   MOL.PDF ... scaled contribution to -Ln(Molecular pdf).

 #                     RESTRAINT_GROUP      NUM   NUMVI  NUMVP   RMS_1   RMS_2         MOL.PDF     S_i
------------------------------------------------------------------------------------------------------
 1 Bond length potential              :      72       0      0   0.010   0.010      2.2472       1.000
 2 Bond angle potential               :      98       0      0   2.719   2.719      12.856       1.000
 3 Stereochemical cosine torsion poten:      58       0      0  34.745  34.745      13.156       1.000
 4 Stereochemical improper torsion pot:      34       0      1   2.542   2.542      6.7286       1.000
 5 Soft-sphere overlap restraints     :    1585       0      0   0.000   0.000     0.37144E-01   1.000
 6 Lennard-Jones 6-12 potential       :       0       0      0   0.000   0.000      0.0000       1.000
 7 Coulomb point-point electrostatic p:       0       0      0   0.000   0.000      0.0000       1.000
 8 H-bonding potential                :       0       0      0   0.000   0.000      0.0000       1.000
 9 Distance restraints 1 (CA-CA)      :       0       0      0   0.000   0.000      0.0000       1.000
10 Distance restraints 2 (N-O)        :       0       0      0   0.000   0.000      0.0000       1.000
11 Mainchain Phi dihedral restraints  :       0       0      0   0.000   0.000      0.0000       1.000
12 Mainchain Psi dihedral restraints  :       0       0      0   0.000   0.000      0.0000       1.000
13 Mainchain Omega dihedral restraints:      10       0      0   4.077   4.077      1.9621       1.000
14 Sidechain Chi_1 dihedral restraints:       6       0      0  44.660  44.660     0.29536       1.000
15 Sidechain Chi_2 dihedral restraints:       6       0      0  86.272  86.272      2.5758       1.000
16 Sidechain Chi_3 dihedral restraints:       1       0      0 109.514 109.514     0.99967       1.000
17 Sidechain Chi_4 dihedral restraints:       1       0      0   2.563   2.563     0.23332       1.000
18 Disulfide distance restraints      :       0       0      0   0.000   0.000      0.0000       1.000
19 Disulfide angle restraints         :       0       0      0   0.000   0.000      0.0000       1.000
20 Disulfide dihedral angle restraints:       0       0      0   0.000   0.000      0.0000       1.000
21 Lower bound distance restraints    :       0       0      0   0.000   0.000      0.0000       1.000
22 Upper bound distance restraints    :       0       0      0   0.000   0.000      0.0000       1.000
23 Distance restraints 3 (SDCH-MNCH)  :       0       0      0   0.000   0.000      0.0000       1.000
24 Sidechain Chi_5 dihedral restraints:       0       0      0   0.000   0.000      0.0000       1.000
25 Phi/Psi pair of dihedral restraints:      11       7      6  31.577 139.573      22.961       1.000
26 Distance restraints 4 (SDCH-SDCH)  :       0       0      0   0.000   0.000      0.0000       1.000
27 Distance restraints 5 (X-Y)        :       0       0      0   0.000   0.000      0.0000       1.000
28 NMR distance restraints 6 (X-Y)    :       0       0      0   0.000   0.000      0.0000       1.000
29 NMR distance restraints 7 (X-Y)    :       0       0      0   0.000   0.000      0.0000       1.000
30 Minimal distance restraints        :       0       0      0   0.000   0.000      0.0000       1.000
31 Non-bonded restraints              :    1585       0      1   1.816   1.816     -21.192       1.000
32 Atomic accessibility restraints    :       0       0      0   0.000   0.000      0.0000       1.000
33 Atomic density restraints          :       0       0      0   0.000   0.000      0.0000       1.000
34 Absolute position restraints       :       0       0      0   0.000   0.000      0.0000       1.000
35 Dihedral angle difference restraint:       0       0      0   0.000   0.000      0.0000       1.000
36 GBSA implicit solvent potential    :       0       0      0   0.000   0.000      0.0000       1.000
37 EM density fitting potential       :       0       0      0   0.000   0.000      0.0000       1.000
38 SAXS restraints                    :       0       0      0   0.000   0.000      0.0000       1.000
39 Symmetry restraints                :       0       0      0   0.000   0.000      0.0000       1.000



List of the violated restraints:
   A restraint is violated when the relative difference
   from the best value (RVIOL) is larger than CUTOFF.

   ICSR   ... index of a restraint in the current set.
   RESNO  ... residue numbers of the first two atoms.
   ATM    ... IUPAC atom names of the first two atoms.
   FEAT   ... the value of the feature in the model.
   restr  ... the mean of the basis restraint with the smallest
              difference from the model (local minimum).
   viol   ... difference from the local minimum.
   rviol  ... relative difference from the local minimum.
   RESTR  ... the best value (global minimum).
   VIOL   ... difference from the best value.
   RVIOL  ... relative difference from the best value.


-------------------------------------------------------------------------------------------------

Feature 25                           : Phi/Psi pair of dihedral restraints     
List of the RVIOL violations larger than   :       6.5000

    #   ICSR  RESNO1/2 ATM1/2   INDATM1/2    FEAT   restr    viol   rviol   RESTR    VIOL   RVIOL
    1    264 757Y 758K C   N    6117 6119  -96.49 -118.00   30.77    1.09  -62.90  161.43   19.38
    1        758K 758K N   CA   6119 6120  117.10  139.10                  -40.80
    2    265 758K 759F C   N    6126 6128 -112.39 -124.20   12.15    0.55  -63.20  176.56   27.81
    2        759F 759F N   CA   6128 6129  146.13  143.30                  -44.30
    3    266 759F 760I C   N    6137 6139  -72.75  -63.40   10.53    1.70 -120.60  175.71    8.27
    3        760I 760I N   CA   6139 6140  -38.77  -43.60                  130.30
    4    267 760I 761D C   N    6145 6147  -87.79  -70.90   55.31    2.00  -63.30  119.57   16.33
    4        761D 761D N   CA   6147 6148 -157.03  150.30                  -40.00
    5    268 761D 762G C   N    6153 6155  -94.83  -80.20   32.83    0.76   82.20 -118.00   18.67
    5        762G 762G N   CA   6155 6156 -156.51  174.10                    8.50
    6    269 762G 763Y C   N    6157 6159  -83.62  -98.40   29.21    2.67  -63.50  164.24   27.11
    6        763Y 763Y N   CA   6159 6160  153.60  128.40                  -43.40
    7    272 765I 766A C   N    6181 6183 -140.82 -134.00   41.63    2.19  -62.50  152.66   29.20
    7        766A 766A N   CA   6183 6184 -171.93  147.00                  -40.90


report______> Distribution of short non-bonded contacts:

  serious non-bonded atom clash:  4334 6347   2.181
  serious non-bonded atom clash:  5495 6346   2.273
  serious non-bonded atom clash:  5562 6346   2.162
  serious non-bonded atom clash:  6346 6364   2.180

DISTANCE1:  0.00 2.10 2.20 2.30 2.40 2.50 2.60 2.70 2.80 2.90 3.00 3.10 3.20 3.30 3.40
DISTANCE2:  2.10 2.20 2.30 2.40 2.50 2.60 2.70 2.80 2.90 3.00 3.10 3.20 3.30 3.40 3.50
FREQUENCY:     0    3    1    1    2   41   96  348  513  755  689  830 1094 1214 1135


<< end of ENERGY.
iupac_m_397W> Atoms were not swapped because of the uncertainty of how to handle the H atom.
iupac_m_484W> Dihedral still outside +-90:      -90.0770
iupac_m_397W> Atoms were not swapped because of the uncertainty of how to handle the H atom.

>> Summary of successfully produced loop models:
Filename                          molpdf
----------------------------------------
loop.BL01000001.pdb             42.86036

