
                         MODELLER 10.4, 2022/10/28, r12463

     PROTEIN STRUCTURE MODELLING BY SATISFACTION OF SPATIAL RESTRAINTS


                     Copyright(c) 1989-2022 Andrej Sali
                            All Rights Reserved

                             Written by A. Sali
                               with help from
              B. Webb, M.S. Madhusudhan, M-Y. Shen, G.Q. Dong,
          M.A. Marti-Renom, N. Eswar, F. Alber, M. Topf, B. Oliva,
             A. Fiser, R. Sanchez, B. Yerkovich, A. Badretdinov,
                     F. Melo, J.P. Overington, E. Feyfant
                 University of California, San Francisco, USA
                    Rockefeller University, New York, USA
                      Harvard University, Cambridge, USA
                   Imperial Cancer Research Fund, London, UK
              Birkbeck College, University of London, London, UK


Kind, OS, HostName, Kernel, Processor: 4, Darwin Livs-MacBook-Pro.local 22.4.0 x86_64
Date and time of compilation         : 2022/10/28 13:27:37
MODELLER executable type             : mac10v4-intel64
Job starting time (YY/MM/DD HH:MM:SS): 2023/06/08 12:16:50

read_to_681_> topology.submodel read from topology file:        3
rdpdb___459W> Residue type  FGG not recognized. 'AutoModel' model building
              will treat this residue as a rigid body.
              To use real parameters, add the residue type to ${LIB}/restyp.lib,
              its topology to ${LIB}/top_*.lib, and suitable forcefield
              parameters to ${LIB}/par.lib.

getf_______W> RTF restraint not found in the atoms list:
              residue type, indices:    18   784
              atom names           : C     +N
              atom indices         :  6343     0

getf_______W> RTF restraint not found in the atoms list:
              residue type, indices:    18   784
              atom names           : C     CA    +N    O
              atom indices         :  6343  6339     0  6344
  #      ALGNMT CODE

  1  loop
  2  loop
108 atoms selected for loop refinement
mdtrsr__446W> A potential that relies on one protein is used, yet you have at
              least one known structure available. MDT, not library, potential is used.
condens_443_> Restraints marked for deletion were removed.
              Total number of restraints before, now:      552      460
preppdf_457W> Both soft sphere and statistical potential terms selected.


>> ENERGY; Differences between the model's features and restraints:
Number of all residues in MODEL                   :      788
Number of all, selected real atoms                :     6378     108
Number of all, selected pseudo atoms              :        0       0
Number of all static, selected restraints         :      460     460
COVALENT_CYS                                      :        F
NONBONDED_SEL_ATOMS                               :        1
Number of non-bonded pairs (excluding 1-2,1-3,1-4):     3249
Dynamic pairs routine                             : 5, NATM_SEL x NATM double loop
Atomic shift for contacts update (UPDATE_DYNAMIC) :    0.390
LENNARD_JONES_SWITCH                              :    6.500   7.500
COULOMB_JONES_SWITCH                              :    6.500   7.500
RESIDUE_SPAN_RANGE                                :        0   99999
NLOGN_USE                                         :       15
CONTACT_SHELL                                     :    7.000
DYNAMIC_PAIRS,_SPHERE,_COULOMB,_LENNARD,_MODELLER :        T       T       F       F       T
SPHERE_STDV                                       :    0.050
RADII_FACTOR                                      :    0.820
Current energy                                    :         263.1533





Summary of the restraint violations: 

   NUM     ... number of restraints.
   NUMVI   ... number of restraints with RVIOL > VIOL_REPORT_CUT[i].
   RVIOL   ... relative difference from the best value.
   NUMVP   ... number of restraints with -Ln(pdf) > VIOL_REPORT_CUT2[i].
   RMS_1   ... RMS(feature, minimally_violated_basis_restraint, NUMB).
   RMS_2   ... RMS(feature, best_value, NUMB).
   MOL.PDF ... scaled contribution to -Ln(Molecular pdf).

 #                     RESTRAINT_GROUP      NUM   NUMVI  NUMVP   RMS_1   RMS_2         MOL.PDF     S_i
------------------------------------------------------------------------------------------------------
 1 Bond length potential              :     112       0      0   0.019   0.019      12.300       1.000
 2 Bond angle potential               :     153       0      3   3.544   3.544      36.680       1.000
 3 Stereochemical cosine torsion poten:      91       0      4  47.009  47.009      33.830       1.000
 4 Stereochemical improper torsion pot:      47       0      0   2.515   2.515      7.1563       1.000
 5 Soft-sphere overlap restraints     :    3249       0      1   0.004   0.004      6.3572       1.000
 6 Lennard-Jones 6-12 potential       :       0       0      0   0.000   0.000      0.0000       1.000
 7 Coulomb point-point electrostatic p:       0       0      0   0.000   0.000      0.0000       1.000
 8 H-bonding potential                :       0       0      0   0.000   0.000      0.0000       1.000
 9 Distance restraints 1 (CA-CA)      :       0       0      0   0.000   0.000      0.0000       1.000
10 Distance restraints 2 (N-O)        :       0       0      0   0.000   0.000      0.0000       1.000
11 Mainchain Phi dihedral restraints  :       0       0      0   0.000   0.000      0.0000       1.000
12 Mainchain Psi dihedral restraints  :       0       0      0   0.000   0.000      0.0000       1.000
13 Mainchain Omega dihedral restraints:      15       0      2   6.628   6.628      7.7777       1.000
14 Sidechain Chi_1 dihedral restraints:      11       0      0  86.745  86.745      3.5646       1.000
15 Sidechain Chi_2 dihedral restraints:      11       0      0  65.392  65.392      4.5332       1.000
16 Sidechain Chi_3 dihedral restraints:       3       0      0  98.831  98.831      1.8079       1.000
17 Sidechain Chi_4 dihedral restraints:       1       0      0   1.755   1.755     0.23300       1.000
18 Disulfide distance restraints      :       0       0      0   0.000   0.000      0.0000       1.000
19 Disulfide angle restraints         :       0       0      0   0.000   0.000      0.0000       1.000
20 Disulfide dihedral angle restraints:       0       0      0   0.000   0.000      0.0000       1.000
21 Lower bound distance restraints    :       0       0      0   0.000   0.000      0.0000       1.000
22 Upper bound distance restraints    :       0       0      0   0.000   0.000      0.0000       1.000
23 Distance restraints 3 (SDCH-MNCH)  :       0       0      0   0.000   0.000      0.0000       1.000
24 Sidechain Chi_5 dihedral restraints:       0       0      0   0.000   0.000      0.0000       1.000
25 Phi/Psi pair of dihedral restraints:      16       9      7  48.993 128.537      55.598       1.000
26 Distance restraints 4 (SDCH-SDCH)  :       0       0      0   0.000   0.000      0.0000       1.000
27 Distance restraints 5 (X-Y)        :       0       0      0   0.000   0.000      0.0000       1.000
28 NMR distance restraints 6 (X-Y)    :       0       0      0   0.000   0.000      0.0000       1.000
29 NMR distance restraints 7 (X-Y)    :       0       0      0   0.000   0.000      0.0000       1.000
30 Minimal distance restraints        :       0       0      0   0.000   0.000      0.0000       1.000
31 Non-bonded restraints              :    3105       0     25   1.869   1.869      93.316       1.000
32 Atomic accessibility restraints    :       0       0      0   0.000   0.000      0.0000       1.000
33 Atomic density restraints          :       0       0      0   0.000   0.000      0.0000       1.000
34 Absolute position restraints       :       0       0      0   0.000   0.000      0.0000       1.000
35 Dihedral angle difference restraint:       0       0      0   0.000   0.000      0.0000       1.000
36 GBSA implicit solvent potential    :       0       0      0   0.000   0.000      0.0000       1.000
37 EM density fitting potential       :       0       0      0   0.000   0.000      0.0000       1.000
38 SAXS restraints                    :       0       0      0   0.000   0.000      0.0000       1.000
39 Symmetry restraints                :       0       0      0   0.000   0.000      0.0000       1.000



List of the violated restraints:
   A restraint is violated when the relative difference
   from the best value (RVIOL) is larger than CUTOFF.

   ICSR   ... index of a restraint in the current set.
   RESNO  ... residue numbers of the first two atoms.
   ATM    ... IUPAC atom names of the first two atoms.
   FEAT   ... the value of the feature in the model.
   restr  ... the mean of the basis restraint with the smallest
              difference from the model (local minimum).
   viol   ... difference from the local minimum.
   rviol  ... relative difference from the local minimum.
   RESTR  ... the best value (global minimum).
   VIOL   ... difference from the best value.
   RVIOL  ... relative difference from the best value.


-------------------------------------------------------------------------------------------------

Feature 25                           : Phi/Psi pair of dihedral restraints     
List of the RVIOL violations larger than   :       6.5000

    #   ICSR  RESNO1/2 ATM1/2   INDATM1/2    FEAT   restr    viol   rviol   RESTR    VIOL   RVIOL
    1    404   1M   2D C   N       7    9 -138.98  -96.50   47.31    1.96  -63.30 -169.32   20.34
    1          2D   2D N   CA      9   10  135.02  114.20                  -40.00
    2    405   2D   3D C   N      15   17 -139.03  -96.50   47.34    1.96  -63.30 -169.33   20.34
    2          3D   3D N   CA     17   18  134.98  114.20                  -40.00
    3    408   5P   6R C   N      38   40  -55.83  -72.10   21.95    1.91  -63.00  162.42   21.48
    3          6R   6R N   CA     40   41  156.64  141.90                  -41.10
    4    411 758K 759F C   N    6126 6128 -141.62 -124.20   44.81    2.43  -63.20  166.00   18.94
    4        759F 759F N   CA   6128 6129  102.01  143.30                  -44.30
    5    412 759F 760I C   N    6137 6139   90.27 -120.60  153.85    9.32 -120.60  153.85    9.32
    5        760I 760I N   CA   6139 6140  168.12  130.30                  130.30
    6    413 760I 761D C   N    6145 6147  -79.66  -96.50   25.21    1.06  -63.30  136.42   15.92
    6        761D 761D N   CA   6147 6148   95.44  114.20                  -40.00
    7    414 761D 762G C   N    6153 6155  -62.69  -62.40   11.80    1.75   82.20  149.77   11.17
    7        762G 762G N   CA   6155 6156  -29.40  -41.20                    8.50
    8    416 763Y 764G C   N    6169 6171  -82.59  -62.40   49.21    8.42   82.20 -170.00   14.83
    8        764G 764G N   CA   6171 6172  -86.08  -41.20                    8.50
    9    417 764G 765I C   N    6173 6175  -69.80  -63.40    6.54    1.12 -120.60  179.89    8.41
    9        765I 765I N   CA   6175 6176  -42.27  -43.60                  130.30


report______> Distribution of short non-bonded contacts:

  serious non-bonded atom clash:  4334 6347   2.181
  serious non-bonded atom clash:  5495 6346   2.273
  serious non-bonded atom clash:  5562 6346   2.162
  serious non-bonded atom clash:  6346 6364   2.180

DISTANCE1:  0.00 2.10 2.20 2.30 2.40 2.50 2.60 2.70 2.80 2.90 3.00 3.10 3.20 3.30 3.40
DISTANCE2:  2.10 2.20 2.30 2.40 2.50 2.60 2.70 2.80 2.90 3.00 3.10 3.20 3.30 3.40 3.50
FREQUENCY:     0    3    1    1    2   41  101  361  519  763  705  840 1113 1225 1143


<< end of ENERGY.
preppdf_457W> Both soft sphere and statistical potential terms selected.
preppdf_457W> Both soft sphere and statistical potential terms selected.
preppdf_457W> Both soft sphere and statistical potential terms selected.
preppdf_457W> Both soft sphere and statistical potential terms selected.
preppdf_457W> Both soft sphere and statistical potential terms selected.
preppdf_457W> Both soft sphere and statistical potential terms selected.
preppdf_457W> Both soft sphere and statistical potential terms selected.
preppdf_457W> Both soft sphere and statistical potential terms selected.
preppdf_457W> Both soft sphere and statistical potential terms selected.
preppdf_457W> Both soft sphere and statistical potential terms selected.
preppdf_457W> Both soft sphere and statistical potential terms selected.
preppdf_457W> Both soft sphere and statistical potential terms selected.
preppdf_457W> Both soft sphere and statistical potential terms selected.
preppdf_457W> Both soft sphere and statistical potential terms selected.
preppdf_457W> Both soft sphere and statistical potential terms selected.
preppdf_457W> Both soft sphere and statistical potential terms selected.
preppdf_457W> Both soft sphere and statistical potential terms selected.
preppdf_457W> Both soft sphere and statistical potential terms selected.
preppdf_457W> Both soft sphere and statistical potential terms selected.
preppdf_457W> Both soft sphere and statistical potential terms selected.
preppdf_457W> Both soft sphere and statistical potential terms selected.
preppdf_457W> Both soft sphere and statistical potential terms selected.
preppdf_457W> Both soft sphere and statistical potential terms selected.
preppdf_457W> Both soft sphere and statistical potential terms selected.
preppdf_457W> Both soft sphere and statistical potential terms selected.
preppdf_457W> Both soft sphere and statistical potential terms selected.
preppdf_457W> Both soft sphere and statistical potential terms selected.
preppdf_457W> Both soft sphere and statistical potential terms selected.
preppdf_457W> Both soft sphere and statistical potential terms selected.
preppdf_457W> Both soft sphere and statistical potential terms selected.
preppdf_457W> Both soft sphere and statistical potential terms selected.
preppdf_457W> Both soft sphere and statistical potential terms selected.
preppdf_457W> Both soft sphere and statistical potential terms selected.
preppdf_457W> Both soft sphere and statistical potential terms selected.
preppdf_457W> Both soft sphere and statistical potential terms selected.


>> ENERGY; Differences between the model's features and restraints:
Number of all residues in MODEL                   :      788
Number of all, selected real atoms                :     6378     108
Number of all, selected pseudo atoms              :        0       0
Number of all static, selected restraints         :      460     460
COVALENT_CYS                                      :        F
NONBONDED_SEL_ATOMS                               :        1
Number of non-bonded pairs (excluding 1-2,1-3,1-4):     2388
Dynamic pairs routine                             : 5, NATM_SEL x NATM double loop
Atomic shift for contacts update (UPDATE_DYNAMIC) :    0.390
LENNARD_JONES_SWITCH                              :    6.500   7.500
COULOMB_JONES_SWITCH                              :    6.500   7.500
RESIDUE_SPAN_RANGE                                :        0   99999
NLOGN_USE                                         :       15
CONTACT_SHELL                                     :    7.000
DYNAMIC_PAIRS,_SPHERE,_COULOMB,_LENNARD,_MODELLER :        T       T       F       F       T
SPHERE_STDV                                       :    0.050
RADII_FACTOR                                      :    0.820
Current energy                                    :          59.5000





Summary of the restraint violations: 

   NUM     ... number of restraints.
   NUMVI   ... number of restraints with RVIOL > VIOL_REPORT_CUT[i].
   RVIOL   ... relative difference from the best value.
   NUMVP   ... number of restraints with -Ln(pdf) > VIOL_REPORT_CUT2[i].
   RMS_1   ... RMS(feature, minimally_violated_basis_restraint, NUMB).
   RMS_2   ... RMS(feature, best_value, NUMB).
   MOL.PDF ... scaled contribution to -Ln(Molecular pdf).

 #                     RESTRAINT_GROUP      NUM   NUMVI  NUMVP   RMS_1   RMS_2         MOL.PDF     S_i
------------------------------------------------------------------------------------------------------
 1 Bond length potential              :     112       0      0   0.009   0.009      2.2205       1.000
 2 Bond angle potential               :     153       0      1   2.600   2.600      17.696       1.000
 3 Stereochemical cosine torsion poten:      91       0      2  42.932  42.932      27.472       1.000
 4 Stereochemical improper torsion pot:      47       0      1   1.958   1.958      5.4089       1.000
 5 Soft-sphere overlap restraints     :    2388       0      0   0.001   0.001     0.94845E-01   1.000
 6 Lennard-Jones 6-12 potential       :       0       0      0   0.000   0.000      0.0000       1.000
 7 Coulomb point-point electrostatic p:       0       0      0   0.000   0.000      0.0000       1.000
 8 H-bonding potential                :       0       0      0   0.000   0.000      0.0000       1.000
 9 Distance restraints 1 (CA-CA)      :       0       0      0   0.000   0.000      0.0000       1.000
10 Distance restraints 2 (N-O)        :       0       0      0   0.000   0.000      0.0000       1.000
11 Mainchain Phi dihedral restraints  :       0       0      0   0.000   0.000      0.0000       1.000
12 Mainchain Psi dihedral restraints  :       0       0      0   0.000   0.000      0.0000       1.000
13 Mainchain Omega dihedral restraints:      15       0      0   3.589   3.589      2.2807       1.000
14 Sidechain Chi_1 dihedral restraints:      11       0      0  91.531  91.531      3.6048       1.000
15 Sidechain Chi_2 dihedral restraints:      11       0      0 104.462 104.462      3.8922       1.000
16 Sidechain Chi_3 dihedral restraints:       3       0      0  89.122  89.122      2.1761       1.000
17 Sidechain Chi_4 dihedral restraints:       1       0      0  14.610  14.610     0.41055       1.000
18 Disulfide distance restraints      :       0       0      0   0.000   0.000      0.0000       1.000
19 Disulfide angle restraints         :       0       0      0   0.000   0.000      0.0000       1.000
20 Disulfide dihedral angle restraints:       0       0      0   0.000   0.000      0.0000       1.000
21 Lower bound distance restraints    :       0       0      0   0.000   0.000      0.0000       1.000
22 Upper bound distance restraints    :       0       0      0   0.000   0.000      0.0000       1.000
23 Distance restraints 3 (SDCH-MNCH)  :       0       0      0   0.000   0.000      0.0000       1.000
24 Sidechain Chi_5 dihedral restraints:       0       0      0   0.000   0.000      0.0000       1.000
25 Phi/Psi pair of dihedral restraints:      16      11      5  37.606 134.539      26.577       1.000
26 Distance restraints 4 (SDCH-SDCH)  :       0       0      0   0.000   0.000      0.0000       1.000
27 Distance restraints 5 (X-Y)        :       0       0      0   0.000   0.000      0.0000       1.000
28 NMR distance restraints 6 (X-Y)    :       0       0      0   0.000   0.000      0.0000       1.000
29 NMR distance restraints 7 (X-Y)    :       0       0      0   0.000   0.000      0.0000       1.000
30 Minimal distance restraints        :       0       0      0   0.000   0.000      0.0000       1.000
31 Non-bonded restraints              :    2380       0      3   1.796   1.796     -32.334       1.000
32 Atomic accessibility restraints    :       0       0      0   0.000   0.000      0.0000       1.000
33 Atomic density restraints          :       0       0      0   0.000   0.000      0.0000       1.000
34 Absolute position restraints       :       0       0      0   0.000   0.000      0.0000       1.000
35 Dihedral angle difference restraint:       0       0      0   0.000   0.000      0.0000       1.000
36 GBSA implicit solvent potential    :       0       0      0   0.000   0.000      0.0000       1.000
37 EM density fitting potential       :       0       0      0   0.000   0.000      0.0000       1.000
38 SAXS restraints                    :       0       0      0   0.000   0.000      0.0000       1.000
39 Symmetry restraints                :       0       0      0   0.000   0.000      0.0000       1.000



List of the violated restraints:
   A restraint is violated when the relative difference
   from the best value (RVIOL) is larger than CUTOFF.

   ICSR   ... index of a restraint in the current set.
   RESNO  ... residue numbers of the first two atoms.
   ATM    ... IUPAC atom names of the first two atoms.
   FEAT   ... the value of the feature in the model.
   restr  ... the mean of the basis restraint with the smallest
              difference from the model (local minimum).
   viol   ... difference from the local minimum.
   rviol  ... relative difference from the local minimum.
   RESTR  ... the best value (global minimum).
   VIOL   ... difference from the best value.
   RVIOL  ... relative difference from the best value.


-------------------------------------------------------------------------------------------------

Feature 25                           : Phi/Psi pair of dihedral restraints     
List of the RVIOL violations larger than   :       6.5000

    #   ICSR  RESNO1/2 ATM1/2   INDATM1/2    FEAT   restr    viol   rviol   RESTR    VIOL   RVIOL
    1    404   1M   2D C   N       7    9  -87.45  -70.90   25.04    0.95  -63.30  152.83   20.40
    1          2D   2D N   CA      9   10  169.09  150.30                  -40.00
    2    405   2D   3D C   N      15   17  -78.29  -70.90   14.62    1.08  -63.30  178.31   21.15
    2          3D   3D N   CA     17   18  137.68  150.30                  -40.00
    3    407   4I   5P C   N      31   33  -67.53  -58.70   23.00    1.36  -64.50  156.49   11.84
    3          5P   5P N   CA     33   34   -9.26  -30.50                  147.20
    4    408   5P   6R C   N      38   40  -79.37  -72.10   16.44    1.11  -63.00  163.08   23.16
    4          6R   6R N   CA     40   41  156.64  141.90                  -41.10
    5    410 757Y 758K C   N    6117 6119    7.93  -70.20   78.90    5.50  -62.90 -175.67   28.18
    5        758K 758K N   CA   6119 6120  129.39  140.40                  -40.80
    6    411 758K 759F C   N    6126 6128  -76.67  -71.40   52.89    4.40  -63.20  133.06   17.59
    6        759F 759F N   CA   6128 6129   88.08  140.70                  -44.30
    7    413 760I 761D C   N    6145 6147  -70.05  -70.90   12.87    0.59  -63.30  177.58   21.52
    7        761D 761D N   CA   6147 6148  137.45  150.30                  -40.00
    8    414 761D 762G C   N    6153 6155  104.37   78.70   51.39    0.78   82.20  142.61    8.02
    8        762G 762G N   CA   6155 6156  149.38 -166.10                    8.50
    9    415 762G 763Y C   N    6157 6159 -115.36 -124.30   19.54    1.41  -63.50  171.84   29.90
    9        763Y 763Y N   CA   6159 6160  152.77  135.40                  -43.40
   10    416 763Y 764G C   N    6169 6171  106.62   78.70   74.87    1.16   82.20  118.48    6.95
   10        764G 764G N   CA   6171 6172  124.43 -166.10                    8.50
   11    418 765I 766A C   N    6181 6183 -128.83 -134.00   18.31    0.89  -62.50 -177.21   27.59
   11        766A 766A N   CA   6183 6184  129.43  147.00                  -40.90


report______> Distribution of short non-bonded contacts:

  serious non-bonded atom clash:  4334 6347   2.181
  serious non-bonded atom clash:  5495 6346   2.273
  serious non-bonded atom clash:  5562 6346   2.162
  serious non-bonded atom clash:  6346 6364   2.180

DISTANCE1:  0.00 2.10 2.20 2.30 2.40 2.50 2.60 2.70 2.80 2.90 3.00 3.10 3.20 3.30 3.40
DISTANCE2:  2.10 2.20 2.30 2.40 2.50 2.60 2.70 2.80 2.90 3.00 3.10 3.20 3.30 3.40 3.50
FREQUENCY:     0    3    1    1    2   41   97  348  515  754  694  837 1098 1223 1125


<< end of ENERGY.
iupac_m_397W> Atoms were not swapped because of the uncertainty of how to handle the H atom.
iupac_m_484W> Dihedral still outside +-90:      -90.0770

>> Summary of successfully produced loop models:
Filename                          molpdf
----------------------------------------
loop.BL03000001.pdb             59.50004

