
          -------------------------------------------------------
          Amber 22 PMEMD                              2022
          -------------------------------------------------------

| PMEMD implementation of SANDER, Release 22

|  Compiled date/time: Thu Apr 14 14:06:37 2022
| Run on 06/13/2023 at 14:27:12

|   Executable path: /Applications/amber22/bin/pmemd
| Working directory: /Users/livtoft/Desktop/SURE/Relaxation
|          Hostname: Unknown
| WARNING: Stack usage limited by a hard resource limit of   67092480 bytes!
|          If segment violations occur, get your sysadmin to increase the limit.
  [-O]verwriting output

File Assignments:
|   MDIN: 1min_noQMMM.in                                                        
|  MDOUT: 1min.out                                                              
| INPCRD: TXS_GGPP_ion.inpcrd                                                   
|   PARM: TXS_GGPP_ion.prmtop                                                   
| RESTRT: 1min.rst7                                                             
|   REFC: TXS_GGPP_ion.inpcrd                                                   
|  MDVEL: mdvel                                                                 
|   MDEN: mden                                                                  
|  MDCRD: mdcrd.1min                                                            
| MDINFO: 1min.info                                                             
|  MDFRC: mdfrc                                                                 


 Here is the input file:

minimization of solvent                                                        
 &cntrl                                                                        
  imin = 1,                                                                    
  maxcyc = 1000,                                                               
  ncyc = 20,                                                                   
  ntx = 1,                                                                     
  ntwe = 0,                                                                    
  ntwr = 500,                                                                  
  ntpr = 50,                                                                   
  ntc = 2,                                                                     
  ntf = 2,                                                                     
  ntb = 1,                                                                     
  ntp = 0,                                                                     
  ntc = 1,                                                                     
  cut = 10.0,                                                                  
  ntr=1,                                                                       
  restraintmask = ':-4-783',                                                   
  restraint_wt = 100.,                                                         
  ioutfm=1,                                                                    
  ntxo=2,                                                                      
  /                                                                            


Note: ig = -1. Setting random seed to   297396 based on wallclock time in 
      microseconds.
| irandom = 1, using AMBER's internal random number generator (default).
 
 
| Conditional Compilation Defines Used:
| PUBFFT
| BINTRAJ
| EMIL

| Largest sphere to fit in unit cell has radius =    50.089

| New format PARM file being parsed.
| Version =    1.000 Date = 06/13/23 Time = 13:27:33

| Note: 1-4 EEL scale factors are being read from the topology file.

| Note: 1-4 VDW scale factors are being read from the topology file.
| Duplicated    0 dihedrals

| Duplicated    0 dihedrals

--------------------------------------------------------------------------------
   1.  RESOURCE   USE: 
--------------------------------------------------------------------------------

 getting new box info from bottom of inpcrd
 NATOM  =  129058 NTYPES =      20 NBONH =  122403 MBONA  =    6524
 NTHETH =   14166 MTHETA =    8841 NPHIH =   27921 MPHIA  =   21881
 NHPARM =       0 NPARM  =       0 NNB   =  224781 NRES   =   39789
 NBONA  =    6524 NTHETA =    8841 NPHIA =   21881 NUMBND =      56
 NUMANG =     117 NPTRA  =      53 NATYP =      42 NPHB   =       0
 IFBOX  =       2 NMXRS  =      62 IFCAP =       0 NEXTRA =       0
 NCOPY  =       0

| Coordinate Index Table dimensions:    19   19   19
| Direct force subcell size =     6.4575    6.4575    6.4575

     BOX TYPE: TRUNCATED OCTAHEDRON

--------------------------------------------------------------------------------
   2.  CONTROL  DATA  FOR  THE  RUN
--------------------------------------------------------------------------------

default_name                                                                    

General flags:
     imin    =       1, nmropt  =       0

Nature and format of input:
     ntx     =       1, irest   =       0, ntrx    =       1

Nature and format of output:
     ntxo    =       2, ntpr    =      50, ntrx    =       1, ntwr    =     500
     iwrap   =       0, ntwx    =       0, ntwv    =       0, ntwe    =       0
     ioutfm  =       1, ntwprt  =       0, idecomp =       0, rbornstat=      0

Potential function:
     ntf     =       2, ntb     =       1, igb     =       0, nsnb    =      25
     ipol    =       0, gbsa    =       0, iesp    =       0
     dielc   =   1.00000, cut     =  10.00000, intdiel =   1.00000

Frozen or restrained atoms:
     ibelly  =       0, ntr     =       1
     restraint_wt = 100.00000

Energy minimization:
     maxcyc  =    1000, ncyc    =      20, ntmin   =       1
     dx0     =   0.01000, drms    =   0.00010

| Intermolecular bonds treatment:
|     no_intermolecular_bonds =       1

| Energy averages sample interval:
|     ene_avg_sampling =       1

Ewald parameters:
     verbose =       0, ew_type =       0, nbflag  =       1, use_pme =       1
     vdwmeth =       1, eedmeth =       1, netfrc  =       0
     Box X =  122.692   Box Y =  122.692   Box Z =  122.692
     Alpha =  109.471   Beta  =  109.471   Gamma =  109.471
     NFFT1 =  128       NFFT2 =  125       NFFT3 =  125
     Cutoff=   10.000   Tol   =0.100E-04
     Ewald Coefficient =  0.27511
     Interpolation order =    4

    LOADING THE CONSTRAINED ATOMS AS GROUPS


   5.  REFERENCE ATOM COORDINATES

  default_name                                                                    
     Mask :-4-783; matches 12486 atoms

--------------------------------------------------------------------------------
   3.  ATOMIC COORDINATES AND VELOCITIES
--------------------------------------------------------------------------------

default_name                                                                    
 begin time read from input coords =     0.000 ps

 
 Number of triangulated 3-point waters found:    38723

     Sum of charges from parm topology file =   0.00299762
     Forcing neutrality...

| Dynamic Memory, Types Used:
| Reals             3500766
| Integers          4929677

| Nonbonded Pairs Initial Allocation:    39036818

--------------------------------------------------------------------------------
   4.  RESULTS
--------------------------------------------------------------------------------

 ---------------------------------------------------
 APPROXIMATING switch and d/dx switch using CUBIC SPLINE INTERPOLATION
 using   5000.0 points per unit in tabled values
 TESTING RELATIVE ERROR over r ranging from 0.0 to cutoff
| CHECK switch(x): max rel err =   0.3338E-14   at   2.509280
| CHECK d/dx switch(x): max rel err =   0.8155E-11   at   2.730040
 ---------------------------------------------------
|---------------------------------------------------
| APPROXIMATING direct energy using CUBIC SPLINE INTERPOLATION
|  with   50.0 points per unit in tabled values
| Relative Error Limit not exceeded for r .gt.   2.34
| APPROXIMATING direct force using CUBIC SPLINE INTERPOLATION
|  with   50.0 points per unit in tabled values
| Relative Error Limit not exceeded for r .gt.   2.81
|---------------------------------------------------


   NSTEP       ENERGY          RMS            GMAX         NAME    NUMBER
      1              NaN            NaN     7.2618E+05     HD11    12463

 BOND    =      671.6265  ANGLE   =     2350.5107  DIHED      =     7807.7482
 VDWAALS =           NaN  EEL     =      Infinity  HBOND      =        0.0000
 1-4 VDW =     5026.5606  1-4 EEL =    34693.8419  RESTRAINT  =        0.0000

     .... RESTARTED DUE TO LINMIN FAILURE ...

     .... RESTARTED DUE TO LINMIN FAILURE ...

     .... RESTARTED DUE TO LINMIN FAILURE ...

     .... RESTARTED DUE TO LINMIN FAILURE ...

     .... RESTARTED DUE TO LINMIN FAILURE ...


                    FINAL RESULTS



   NSTEP       ENERGY          RMS            GMAX         NAME    NUMBER
     41              NaN            NaN     0.0000E+00     N           1

 BOND    =           NaN  ANGLE   =  1547333.8996  DIHED      =        0.0000
 VDWAALS =    -1898.8205  EEL     =           NaN  HBOND      =        0.0000
 1-4 VDW =           NaN  1-4 EEL =           NaN  RESTRAINT  =           NaN
 EAMBER  =           NaN

     ***** REPEATED LINMIN FAILURE *****
--------------------------------------------------------------------------------
   5.  TIMINGS
--------------------------------------------------------------------------------

|  NonSetup CPU Time in Major Routines:
|
|     Routine           Sec        %
|     ------------------------------
|     Nonbond           4.68   96.13
|     Bond              0.00    0.03
|     Angle             0.02    0.46
|     Dihedral          0.08    1.69
|     Shake             0.00    0.00
|     Other             0.08    1.68
|     ------------------------------
|     Total             4.87

|  PME Nonbond Pairlist CPU Time:
|
|     Routine              Sec        %
|     ---------------------------------
|     Set Up Cit           0.00    0.04
|     Build List           0.36    7.29
|     ---------------------------------
|     Total                0.36    7.32

|  PME Direct Force CPU Time:
|
|     Routine              Sec        %
|     ---------------------------------
|     NonBonded Calc       1.74   35.79
|     Exclude Masked       0.07    1.50
|     Other                0.06    1.15
|     ---------------------------------
|     Total                1.87   38.44

|  PME Reciprocal Force CPU Time:
|
|     Routine              Sec        %
|     ---------------------------------
|     1D bspline           0.17    3.58
|     Grid Charges         0.18    3.78
|     Scalar Sum           0.74   15.10
|     Gradient Sum         0.37    7.53
|     FFT                  0.99   20.26
|     ---------------------------------
|     Total                2.45   50.26

|  Setup CPU time:            0.31 seconds
|  NonSetup CPU time:         4.87 seconds
|  Total CPU time:            5.18 seconds     0.00 hours

|  Setup wall time:           1    seconds
|  NonSetup wall time:        5    seconds
|  Total wall time:           6    seconds     0.00 hours
