
          -------------------------------------------------------
          Amber 20 PMEMD                              2020
          -------------------------------------------------------

| PMEMD implementation of SANDER, Release 18

|  Compiled date/time: Thu Jun  2 17:33:41 2022
| Run on 06/13/2023 at 16:02:19

|   Executable path: pmemd.cuda
| Working directory: /lustre07/scratch/livtoft/SURE/Relaxation
|          Hostname: ng10403

  [-O]verwriting output

File Assignments:
|   MDIN: 4md.in                                                                
|  MDOUT: 4md.out                                                               
| INPCRD: 3md.rst7                                                              
|   PARM: TXS_GGPP_ion.prmtop                                                   
| RESTRT: 4md.rst7                                                              
|   REFC: 3md.rst7                                                              
|  MDVEL: mdvel                                                                 
|   MDEN: mden                                                                  
|  MDCRD: mdcrd.4md                                                             
| MDINFO: 4md.info                                                              
|  MDFRC: mdfrc                                                                 


 Here is the input file:

 &cntrl                                                                        
  imin = 0,                                                                    
  nstlim = 1000000,                                                            
  dt = 0.001,                                                                  
  irest = 1,                                                                   
  ntx = 5,                                                                     
  ig = -1,                                                                     
  temp0 = 298.0,                                                               
  ntc = 2,                                                                     
  ntf = 2,                                                                     
  tol = 0.00001,                                                               
  ntwx = 10000,                                                                
  ntwe = 0,                                                                    
  ntwr = 1000,                                                                 
  ntpr = 1000,                                                                 
  cut = 8.0,                                                                   
  iwrap = 0,                                                                   
  ntt =3,                                                                      
  gamma_ln=1.0,                                                                
  ntb = 2,                                                                     
  ntp = 1,                                                                     
  barostat = 2,                                                                
  nscm = 0,                                                                    
  ntr=1,                                                                       
  restraintmask=':-4-783',                                                     
  restraint_wt=10.                                                             
  ioutfm=1,                                                                    
  ntxo=2,                                                                      
 /                                                                             


Note: ig = -1. Setting random seed to   562952 based on wallclock time in 
      microseconds.
| irandom = 1, using AMBER's internal random number generator (default).
 
|--------------------- INFORMATION ----------------------
| GPU (CUDA) Version of PMEMD in use: NVIDIA GPU IN USE.
|                    Version 18.0.0
| 
|                      03/25/2018
| 
| Implementation by:
|                    Ross C. Walker     (SDSC)
|                    Scott Le Grand     (nVIDIA)
| 
| Version 18 performance extensions by:
|                    David Cerutti     (Rutgers)
| 
| Precision model in use:
|      [SPFP] - Single Precision Forces, 64-bit Fixed Point
|               Accumulation. (Default)
| 
|--------------------------------------------------------
 
|----------------- CITATION INFORMATION -----------------
|
|    When publishing work that utilized the CUDA version
|    of AMBER, please cite the following in addition to
|    the regular AMBER citations:
|
|  - Romelia Salomon-Ferrer; Andreas W. Goetz; Duncan
|    Poole; Scott Le Grand; Ross C. Walker "Routine
|    microsecond molecular dynamics simulations with
|    AMBER - Part II: Particle Mesh Ewald", J. Chem.
|    Theory Comput., 2013, 9 (9), pp3878-3888,
|    DOI: 10.1021/ct400314y.
|
|  - Andreas W. Goetz; Mark J. Williamson; Dong Xu;
|    Duncan Poole; Scott Le Grand; Ross C. Walker
|    "Routine microsecond molecular dynamics simulations
|    with AMBER - Part I: Generalized Born", J. Chem.
|    Theory Comput., 2012, 8 (5), pp1542-1555.
|
|  - Scott Le Grand; Andreas W. Goetz; Ross C. Walker
|    "SPFP: Speed without compromise - a mixed precision
|    model for GPU accelerated molecular dynamics
|    simulations.", Comp. Phys. Comm., 2013, 184
|    pp374-380, DOI: 10.1016/j.cpc.2012.09.022
|
|--------------------------------------------------------
 
|------------------- GPU DEVICE INFO --------------------
|
|            CUDA_VISIBLE_DEVICES: 0
|   CUDA Capable Devices Detected:      1
|           CUDA Device ID in use:      0
|                CUDA Device Name: NVIDIA A100-SXM4-40GB
|     CUDA Device Global Mem Size:  40338 MB
| CUDA Device Num Multiprocessors:    108
|           CUDA Device Core Freq:   1.41 GHz
|
|--------------------------------------------------------
 

  Unit    9 Error on OPEN: 3md.rst7                                                                                                                                                                                                                                                        
