
          -------------------------------------------------------
          Amber 22 PMEMD                              2022
          -------------------------------------------------------

| PMEMD implementation of SANDER, Release 22

|  Compiled date/time: Thu Apr 14 14:06:37 2022
| Run on 05/17/2023 at 16:50:37

|   Executable path: /Applications/amber22/bin/pmemd
| Working directory: /Users/livtoft/Desktop/SURE/Relaxation
|          Hostname: Unknown
| WARNING: Stack usage limited by a hard resource limit of   67092480 bytes!
|          If segment violations occur, get your sysadmin to increase the limit.
  [-O]verwriting output

File Assignments:
|   MDIN: 6md.in                                                                
|  MDOUT: 6md.out                                                               
| INPCRD: 5min.rst7                                                             
|   PARM: 3p5r_FGP_ion.prmtop                                                   
| RESTRT: 6md.rst7                                                              
|   REFC: 5min.rst7                                                             
|  MDVEL: mdvel                                                                 
|   MDEN: mden                                                                  
|  MDCRD: mdcrd.6md                                                             
| MDINFO: 6md.info                                                              
|  MDFRC: mdfrc                                                                 


 Here is the input file:

 &cntrl                                                                        
  imin = 0, nstlim = 1000000, dt = 0.001,                                      
  irest = 0, ntx = 1, ig = -1,                                                 
  tempi = 298.0, temp0 = 298.0,                                                
  ntc = 2, ntf = 2, tol = 0.00001,                                             
  ntwx = 10000, ntwe = 0, ntwr = 1000, ntpr = 1000,                            
  cut = 8.0, iwrap = 0,                                                        
  ntt =3, gamma_ln=1.0, ntb = 2, ntp = 1,                                      
  nscm = 0, barostat = 2,                                                      
  ntr=1, restraintmask="@CA,N,C", restraint_wt=10.                             
  ioutfm=1, ntxo=2,                                                            
 /                                                                             


Note: ig = -1. Setting random seed to   142065 based on wallclock time in 
      microseconds.
| irandom = 1, using AMBER's internal random number generator (default).
 

  Unit    9 Error on OPEN: 5min.rst7                                                                                                                                                                                                                                                       
