
          -------------------------------------------------------
          Amber 22 SANDER                              2022
          -------------------------------------------------------

| Run on 06/14/2023 at 15:09:25

|   Executable path: sander
| Working directory: /Users/livtoft/Desktop/SURE/Relaxation
|          Hostname: Unknown
  [-O]verwriting output

File Assignments:
|  MDIN: simple_min.in                                                         
| MDOUT: simple_min.out                                                        
|INPCRD: TXS_GGPP_gas.rst7                                                     
|  PARM: TXS_GGPP_gas.prmtop                                                   
|RESTRT: TXS_GGPP_gas_min.ncrst                                                
|  REFC: refc                                                                  
| MDVEL: mdvel                                                                 
| MDFRC: mdfrc                                                                 
|  MDEN: mden                                                                  
| MDCRD: mdcrd                                                                 
|MDINFO: mdinfo                                                                
|  MTMD: mtmd                                                                  
|INPDIP: inpdip                                                                
|RSTDIP: rstdip                                                                
|INPTRA: inptraj                                                               


 Here is the input file:

Initial minimisation of TXS-substrate complex                                  
 &cntrl                                                                        
  imin=1, maxcyc=200, ncyc=50,                                                 
  cut=16, ntb=0, igb=1,                                                        
 &end                                                                          

--------------------------------------------------------------------------------
   1.  RESOURCE   USE: 
--------------------------------------------------------------------------------

| Flags:                                                                        
| New format PARM file being parsed.
| Version =    1.000 Date = 06/14/23 Time = 14:45:41
 NATOM  =   12611 NTYPES =      17 NBONH =    6234 MBONA  =    6524
 NTHETH =   14166 MTHETA =    8841 NPHIH =   27921 MPHIA  =   21881
 NHPARM =       0 NPARM  =       0 NNB   =   69611 NRES   =     788
 NBONA  =    6524 NTHETA =    8841 NPHIA =   21881 NUMBND =      54
 NUMANG =     117 NPTRA  =      53 NATYP =      38 NPHB   =       0
 IFBOX  =       0 NMXRS  =      62 IFCAP =       0 NEXTRA =       0
 NCOPY  =       0

 Implicit solvent radii are modified Bondi radii (mbondi)                                                   

|     Memory Use     Allocated
|     Real             1775428
|     Hollerith          38623
|     Integer           692030
|     Max Pairs              1
|     nblistReal             0
|     nblist Int             0
|       Total            16724 kbytes

| Note: 1-4 EEL scale factors are being read from the topology file.

| Note: 1-4 VDW scale factors are being read from the topology file.
| Duplicated    0 dihedrals
| Duplicated    0 dihedrals

--------------------------------------------------------------------------------
   2.  CONTROL  DATA  FOR  THE  RUN
--------------------------------------------------------------------------------

default_name                                                                    

General flags:
     imin    =       1, nmropt  =       0

Nature and format of input:
     ntx     =       1, irest   =       0, ntrx    =       1

Nature and format of output:
     ntxo    =       2, ntpr    =      50, ntrx    =       1, ntwr    =       1
     iwrap   =       0, ntwx    =       0, ntwv    =       0, ntwe    =       0
     ioutfm  =       1, ntwprt  =       0, idecomp =       0, rbornstat=      0

Potential function:
     ntf     =       1, ntb     =       0, igb     =       1, nsnb    =      25
     ipol    =       0, gbsa    =       0, iesp    =       0
     dielc   =   1.00000, cut     =  16.00000, intdiel =   1.00000
     saltcon =   0.00000, offset  =   0.09000, gbalpha=    1.00000
     gbbeta  =   0.00000, gbgamma =   0.00000, surften =   0.00500
     rdt     =   0.00000, rgbmax  =  25.00000  extdiel =  78.50000
     alpb  =        0

Frozen or restrained atoms:
     ibelly  =       0, ntr     =       0

Energy minimization:
     maxcyc  =     200, ncyc    =      50, ntmin   =       1
     dx0     =   0.01000, drms    =   0.00010
|  INFO: Old style inpcrd file read


--------------------------------------------------------------------------------
   3.  ATOMIC COORDINATES AND VELOCITIES
--------------------------------------------------------------------------------

default_name                                                                    
 begin time read from input coords =     0.000 ps

 Number of triangulated 3-point waters found:        0

--------------------------------------------------------------------------------
   4.  RESULTS
--------------------------------------------------------------------------------



   NSTEP       ENERGY          RMS            GMAX         NAME    NUMBER
      1       1.2441E+05     6.6489E+03     7.8095E+05     HD11    12463

 BOND    =      699.4670  ANGLE   =     2231.7446  DIHED      =     7808.5333
 VDWAALS =   141906.3307  EEL     =   -56172.0619  EGB        =   -11461.2606
 1-4 VDW =     4695.0442  1-4 EEL =    34698.7353  RESTRAINT  =        0.0000


   NSTEP       ENERGY          RMS 

   NSTEP       ENERGY          RMS            GMAX         NAME    NUMBER
     50      -4.0344E+05     1.4503E+00     3.0907E+01     NE2       283

 BOND    =    36977.9090  ANGLE   =     2012.6082  DIHED      =     7981.6137
 VDWAALS =    23451.9421  EEL     =  -648716.3944  EGB        =   138233.8737
 1-4 VDW =     3739.8842  1-4 EEL =    32875.3690  RESTRAINT  =        0.0000


   NSTEP       ENERGY          RMS            GMAX         NAME    NUMBER
    100      -4.3670E+05     1.5937E+00     1.7208E+02     CB       8495

 BOND    =    38213.9325  ANGLE   =     1950.8529  DIHED      =     7968.1487
 VDWAALS =    11327.0071  EEL     =  -602545.2739  EGB        =    71548.8204
 1-4 VDW =     2995.2227  1-4 EEL =    31845.8450  RESTRAINT  =        0.0000


   NSTEP       ENERGY          RMS            GMAX         NAME    NUMBER
    150      -4.4461E+05     1.5605E+00     3.3910E+02     P02     12550

 BOND    =    39056.1403  ANGLE   =     1825.9303  DIHED      =     7927.5365
 VDWAALS =    10635.3417  EEL     =  -602340.5043  EGB        =    63632.5660
 1-4 VDW =     2896.4124  1-4 EEL =    31760.9135  RESTRAINT  =        0.0000


   NSTEP       ENERGY          RMS            GMAX         NAME    NUMBER
    200      -4.5380E+05     1.5845E+00     3.0546E+02     CG       8498

 BOND    =    39441.4031  ANGLE   =     1831.2323  DIHED      =     7890.5844
 VDWAALS =     9456.2542  EEL     =  -587929.8707  EGB        =    40906.1074
 1-4 VDW =     2863.6690  1-4 EEL =    31736.9480  RESTRAINT  =        0.0000


  Maximum number of minimization cycles reached.


                    FINAL RESULTS



   NSTEP       ENERGY          RMS            GMAX         NAME    NUMBER
    200      -4.5380E+05     1.5845E+00     3.0546E+02     CG       8498

 BOND    =    39441.4031  ANGLE   =     1831.2323  DIHED      =     7890.5844
 VDWAALS =     9456.2542  EEL     =  -587929.8707  EGB        =    40906.1074
 1-4 VDW =     2863.6690  1-4 EEL =    31736.9480  RESTRAINT  =        0.0000

--------------------------------------------------------------------------------
   5.  TIMINGS
--------------------------------------------------------------------------------

|                Calc gb radii           1894.09 (22.61% of Gen B)
|                Calc gb diag            5074.60 (60.58% of Gen B)
|                Calc gb off-diag        1408.32 (16.81% of Gen B)
|             Gen Born time           8377.02 (100.0% of Nonbo)
|          Nonbond force           8377.02 (100.0% of Force)
|          Bond/Angle/Dihedral        0.90 ( 0.01% of Force)
|       Force time              8377.93 (100.0% of Runmd)
|    Runmd Time              8377.93 (100.0% of Total)
|    Other                      1.65 ( 0.02% of Total)
| Total time              8379.63 (100.0% of ALL  )

| Number of list builds   :          0

| Highest rstack allocated:          0
| Highest istack allocated:          0
|           Job began  at 14:51:19.910  on 06/14/2023
|           Setup done at 14:51:20.379  on 06/14/2023
|           Run   done at 17:10:59.541  on 06/14/2023
|     wallclock() was called    3628 times

|3D-RISM memory allocation summary
|Type          Maximum        Current   
|Integer       0.00000 GB     0.00000 GB
|Real          0.00000 GB     0.00000 GB
|Logical       0.00000 GB     0.00000 GB
|Character     0.00000 GB     0.00000 GB
|---------------------------------------
|Total         0.00000 GB     0.00000 GB
