
          -------------------------------------------------------
          Amber 22 SANDER                              2022
          -------------------------------------------------------

| Run on 06/14/2023 at 16:05:54

|   Executable path: sander
| Working directory: /Users/livtoft/Desktop/SURE/Relaxation
|          Hostname: Unknown
  [-O]verwriting output

File Assignments:
|  MDIN: simple_md.in                                                          
| MDOUT: simple_md.out                                                         
|INPCRD: TXS_GGPP_gas_min.ncrst                                                
|  PARM: TXS_GGPP_gas.prmtop                                                   
|RESTRT: TXS_GGPP_gas_md.rst                                                   
|  REFC: refc                                                                  
| MDVEL: mdvel                                                                 
| MDFRC: mdfrc                                                                 
|  MDEN: mden                                                                  
| MDCRD: TXS_GGPP_gas_md.eq                                                    
|MDINFO: mdinfo                                                                
|  MTMD: mtmd                                                                  
|INPDIP: inpdip                                                                
|RSTDIP: rstdip                                                                
|INPTRA: inptraj                                                               


 Here is the input file:

Initial MD equilibration                                                       
 &cntrl                                                                        
  imin=0, irest=0,                                                             
  nstlim=1000,dt=0.001, ntc=1,                                                 
  ntpr=20, ntwx=20,                                                            
  cut=16, ntb=0, igb=1,                                                        
  ntt=3, gamma_ln=1.0,                                                         
  tempi=0.0, temp0=300.0,                                                      
 &end                                                                          

--------------------------------------------------------------------------------
   1.  RESOURCE   USE: 
--------------------------------------------------------------------------------

| Flags:                                                                        
| New format PARM file being parsed.
| Version =    1.000 Date = 06/14/23 Time = 14:45:41
 NATOM  =   12611 NTYPES =      17 NBONH =    6234 MBONA  =    6524
 NTHETH =   14166 MTHETA =    8841 NPHIH =   27921 MPHIA  =   21881
 NHPARM =       0 NPARM  =       0 NNB   =   69611 NRES   =     788
 NBONA  =    6524 NTHETA =    8841 NPHIA =   21881 NUMBND =      54
 NUMANG =     117 NPTRA  =      53 NATYP =      38 NPHB   =       0
 IFBOX  =       0 NMXRS  =      62 IFCAP =       0 NEXTRA =       0
 NCOPY  =       0

 Implicit solvent radii are modified Bondi radii (mbondi)                                                   

|     Memory Use     Allocated
|     Real             1424096
|     Hollerith          38623
|     Integer           692030
|     Max Pairs              1
|     nblistReal             0
|     nblist Int             0
|       Total            13979 kbytes

| Note: 1-4 EEL scale factors are being read from the topology file.

| Note: 1-4 VDW scale factors are being read from the topology file.
| Duplicated    0 dihedrals
| Duplicated    0 dihedrals

--------------------------------------------------------------------------------
   2.  CONTROL  DATA  FOR  THE  RUN
--------------------------------------------------------------------------------

default_name                                                                    

General flags:
     imin    =       0, nmropt  =       0

Nature and format of input:
     ntx     =       1, irest   =       0, ntrx    =       1

Nature and format of output:
     ntxo    =       2, ntpr    =      20, ntrx    =       1, ntwr    =    1000
     iwrap   =       0, ntwx    =      20, ntwv    =       0, ntwe    =       0
     ioutfm  =       1, ntwprt  =       0, idecomp =       0, rbornstat=      0

Potential function:
     ntf     =       1, ntb     =       0, igb     =       1, nsnb    =      25
     ipol    =       0, gbsa    =       0, iesp    =       0
     dielc   =   1.00000, cut     =  16.00000, intdiel =   1.00000
     saltcon =   0.00000, offset  =   0.09000, gbalpha=    1.00000
     gbbeta  =   0.00000, gbgamma =   0.00000, surften =   0.00500
     rdt     =   0.00000, rgbmax  =  25.00000  extdiel =  78.50000
     alpb  =        0

Frozen or restrained atoms:
     ibelly  =       0, ntr     =       0

Molecular dynamics:
     nstlim  =      1000, nscm    =      1000, nrespa  =         1
     t       =   0.00000, dt      =   0.00100, vlimit  =  20.00000

Langevin dynamics temperature regulation:
     ig      =   71277
     temp0   = 300.00000, tempi   =   0.00000, gamma_ln=   1.00000
|  INFO: Old style inpcrd file read


--------------------------------------------------------------------------------
   3.  ATOMIC COORDINATES AND VELOCITIES
--------------------------------------------------------------------------------

default_name                                                                    
 begin time read from input coords =     0.000 ps

 Number of triangulated 3-point waters found:        0

--------------------------------------------------------------------------------
   4.  RESULTS
--------------------------------------------------------------------------------

|  # of SOLUTE  degrees of freedom (RNDFP):   37833.
|  # of SOLVENT degrees of freedom (RNDFS):       0.
|  NDFMIN =   37833.     NUM_NOSHAKE =      0     CORRECTED RNDFP =   37833.
|  TOTAL # of degrees of freedom (RNDF) =   37833.

 NSTEP =        0   TIME(PS) =       0.000  TEMP(K) =     0.00  PRESS =     0.0
 Etot   =    -29724.6467  EKtot   =         0.0000  EPtot      =    -29724.6467
 BOND   =       458.7100  ANGLE   =      1799.9194  DIHED      =      7831.3056
 1-4 NB =      2752.7129  1-4 EEL =     31584.4170  VDWAALS    =     -6930.8838
 EELEC  =    -56464.7612  EGB     =    -10756.0666  RESTRAINT  =         0.0000
 ------------------------------------------------------------------------------


 NSTEP =       20   TIME(PS) =       0.020  TEMP(K) =     7.63  PRESS =     0.0
 Etot   =    -29294.3614  EKtot   =       286.7433  EPtot      =    -29581.1047
 BOND   =       508.1525  ANGLE   =      1876.7218  DIHED      =      7848.0325
 1-4 NB =      2760.8335  1-4 EEL =     31626.3812  VDWAALS    =     -6950.3001
 EELEC  =    -56577.3313  EGB     =    -10673.5948  RESTRAINT  =         0.0000
 ------------------------------------------------------------------------------


 NSTEP =       40   TIME(PS) =       0.040  TEMP(K) =    15.62  PRESS =     0.0
 Etot   =    -28855.6240  EKtot   =       587.1377  EPtot      =    -29442.7617
 BOND   =       600.8481  ANGLE   =      1959.3237  DIHED      =      7857.6084
 1-4 NB =      2755.0177  1-4 EEL =     31625.1254  VDWAALS    =     -6971.1409
 EELEC  =    -56790.7476  EGB     =    -10478.7965  RESTRAINT  =         0.0000
 ------------------------------------------------------------------------------


 NSTEP =       60   TIME(PS) =       0.060  TEMP(K) =    23.73  PRESS =     0.0
 Etot   =    -28432.5633  EKtot   =       892.0484  EPtot      =    -29324.6118
 BOND   =       673.1185  ANGLE   =      2039.7465  DIHED      =      7879.3917
 1-4 NB =      2755.6443  1-4 EEL =     31597.2164  VDWAALS    =     -6999.4774
 EELEC  =    -56753.0570  EGB     =    -10517.1946  RESTRAINT  =         0.0000
 ------------------------------------------------------------------------------


 NSTEP =       80   TIME(PS) =       0.080  TEMP(K) =    32.11  PRESS =     0.0
 Etot   =    -28021.2199  EKtot   =      1207.0016  EPtot      =    -29228.2215
 BOND   =       760.4612  ANGLE   =      2117.0665  DIHED      =      7910.3379
 1-4 NB =      2740.8593  1-4 EEL =     31615.9281  VDWAALS    =     -7055.8020
 EELEC  =    -57140.8303  EGB     =    -10176.2421  RESTRAINT  =         0.0000
 ------------------------------------------------------------------------------


 NSTEP =      100   TIME(PS) =       0.100  TEMP(K) =    40.28  PRESS =     0.0
 Etot   =    -27630.7852  EKtot   =      1514.2283  EPtot      =    -29145.0135
 BOND   =       829.3473  ANGLE   =      2186.5057  DIHED      =      7935.8568
 1-4 NB =      2740.7084  1-4 EEL =     31610.1074  VDWAALS    =     -7088.6143
 EELEC  =    -57583.0088  EGB     =     -9775.9159  RESTRAINT  =         0.0000
 ------------------------------------------------------------------------------


 NSTEP =      120   TIME(PS) =       0.120  TEMP(K) =    47.82  PRESS =     0.0
 Etot   =    -27223.4111  EKtot   =      1797.5965  EPtot      =    -29021.0076
 BOND   =       912.5303  ANGLE   =      2260.6275  DIHED      =      7926.3759
 1-4 NB =      2734.0093  1-4 EEL =     31593.6061  VDWAALS    =     -7109.0408
 EELEC  =    -56497.8299  EGB     =    -10841.2860  RESTRAINT  =         0.0000
 ------------------------------------------------------------------------------


 NSTEP =      140   TIME(PS) =       0.140  TEMP(K) =    54.75  PRESS =     0.0
 Etot   =    -26851.6382  EKtot   =      2057.9712  EPtot      =    -28909.6094
 BOND   =       972.9792  ANGLE   =      2347.1944  DIHED      =      7952.4214
 1-4 NB =      2730.1890  1-4 EEL =     31542.3810  VDWAALS    =     -7134.0727
 EELEC  =    -56453.0886  EGB     =    -10867.6129  RESTRAINT  =         0.0000
 ------------------------------------------------------------------------------


 NSTEP =      160   TIME(PS) =       0.160  TEMP(K) =    60.43  PRESS =     0.0
 Etot   =    -26495.6836  EKtot   =      2271.7255  EPtot      =    -28767.4091
 BOND   =      1059.7347  ANGLE   =      2466.1303  DIHED      =      7956.9144
 1-4 NB =      2712.0816  1-4 EEL =     31537.7879  VDWAALS    =     -7162.2711
 EELEC  =    -57947.3138  EGB     =     -9390.4731  RESTRAINT  =         0.0000
 ------------------------------------------------------------------------------


 NSTEP =      180   TIME(PS) =       0.180  TEMP(K) =    66.97  PRESS =     0.0
 Etot   =    -26121.6553  EKtot   =      2517.4730  EPtot      =    -28639.1283
 BOND   =      1141.2791  ANGLE   =      2523.5455  DIHED      =      7961.7079
 1-4 NB =      2705.1969  1-4 EEL =     31440.7055  VDWAALS    =     -7141.7178
 EELEC  =    -56506.2086  EGB     =    -10763.6367  RESTRAINT  =         0.0000
 ------------------------------------------------------------------------------


 NSTEP =      200   TIME(PS) =       0.200  TEMP(K) =    72.36  PRESS =     0.0
 Etot   =    -25782.7876  EKtot   =      2720.2048  EPtot      =    -28502.9924
 BOND   =      1213.8401  ANGLE   =      2649.1282  DIHED      =      7967.2447
 1-4 NB =      2688.1870  1-4 EEL =     31392.5909  VDWAALS    =     -7149.1404
 EELEC  =    -57620.7675  EGB     =     -9644.0753  RESTRAINT  =         0.0000
 ------------------------------------------------------------------------------


 NSTEP =      220   TIME(PS) =       0.220  TEMP(K) =    77.56  PRESS =     0.0
 Etot   =    -25419.1040  EKtot   =      2915.5130  EPtot      =    -28334.6171
 BOND   =      1283.5866  ANGLE   =      2720.9565  DIHED      =      7970.2427
 1-4 NB =      2691.1981  1-4 EEL =     31379.2596  VDWAALS    =     -7136.2230
 EELEC  =    -56927.0408  EGB     =    -10316.5967  RESTRAINT  =         0.0000
 ------------------------------------------------------------------------------


 NSTEP =      240   TIME(PS) =       0.240  TEMP(K) =    83.24  PRESS =     0.0
 Etot   =    -25092.7624  EKtot   =      3129.1951  EPtot      =    -28221.9575
 BOND   =      1336.4683  ANGLE   =      2780.9879  DIHED      =      7987.8294
 1-4 NB =      2695.1576  1-4 EEL =     31341.8492  VDWAALS    =     -7113.5797
 EELEC  =    -57060.1285  EGB     =    -10190.5417  RESTRAINT  =         0.0000
 ------------------------------------------------------------------------------


 NSTEP =      260   TIME(PS) =       0.260  TEMP(K) =    86.93  PRESS =     0.0
 Etot   =    -24764.1750  EKtot   =      3267.7525  EPtot      =    -28031.9276
 BOND   =      1433.2796  ANGLE   =      2868.3868  DIHED      =      7953.7943
 1-4 NB =      2716.7008  1-4 EEL =     31367.9883  VDWAALS    =     -7101.2643
 EELEC  =    -56996.6955  EGB     =    -10274.1176  RESTRAINT  =         0.0000
 ------------------------------------------------------------------------------


 NSTEP =      280   TIME(PS) =       0.280  TEMP(K) =    91.62  PRESS =     0.0
 Etot   =    -24454.1079  EKtot   =      3444.1966  EPtot      =    -27898.3045
 BOND   =      1458.9072  ANGLE   =      2943.1761  DIHED      =      7968.5211
 1-4 NB =      2715.8891  1-4 EEL =     31355.5171  VDWAALS    =     -7082.4775
 EELEC  =    -57318.2473  EGB     =     -9939.5903  RESTRAINT  =         0.0000
 ------------------------------------------------------------------------------


 NSTEP =      300   TIME(PS) =       0.300  TEMP(K) =    94.84  PRESS =     0.0
 Etot   =    -24132.5351  EKtot   =      3565.2387  EPtot      =    -27697.7738
 BOND   =      1539.3786  ANGLE   =      3005.4604  DIHED      =      8005.4155
 1-4 NB =      2732.1256  1-4 EEL =     31273.9377  VDWAALS    =     -7032.9950
 EELEC  =    -57443.3044  EGB     =     -9777.7922  RESTRAINT  =         0.0000
 ------------------------------------------------------------------------------


 NSTEP =      320   TIME(PS) =       0.320  TEMP(K) =    99.38  PRESS =     0.0
 Etot   =    -23830.5960  EKtot   =      3735.9141  EPtot      =    -27566.5100
 BOND   =      1635.0320  ANGLE   =      3073.7470  DIHED      =      7967.8885
 1-4 NB =      2723.6076  1-4 EEL =     31216.3471  VDWAALS    =     -7022.8656
 EELEC  =    -57436.2616  EGB     =     -9724.0049  RESTRAINT  =         0.0000
 ------------------------------------------------------------------------------


 NSTEP =      340   TIME(PS) =       0.340  TEMP(K) =   103.95  PRESS =     0.0
 Etot   =    -23535.3759  EKtot   =      3907.6274  EPtot      =    -27443.0032
 BOND   =      1634.6237  ANGLE   =      3172.9524  DIHED      =      7994.9251
 1-4 NB =      2729.1781  1-4 EEL =     31197.0606  VDWAALS    =     -7025.2000
 EELEC  =    -57688.0724  EGB     =     -9458.4707  RESTRAINT  =         0.0000
 ------------------------------------------------------------------------------


 NSTEP =      360   TIME(PS) =       0.360  TEMP(K) =   108.34  PRESS =     0.0
 Etot   =    -23221.3115  EKtot   =      4072.6915  EPtot      =    -27294.0030
 BOND   =      1751.9086  ANGLE   =      3224.8742  DIHED      =      7999.8254
 1-4 NB =      2706.8412  1-4 EEL =     31200.1537  VDWAALS    =     -7009.2655
 EELEC  =    -57294.7429  EGB     =     -9873.5977  RESTRAINT  =         0.0000
 ------------------------------------------------------------------------------


 NSTEP =      380   TIME(PS) =       0.380  TEMP(K) =   112.62  PRESS =     0.0
 Etot   =    -22941.4534  EKtot   =      4233.4915  EPtot      =    -27174.9449
 BOND   =      1772.0424  ANGLE   =      3299.1831  DIHED      =      8022.6041
 1-4 NB =      2714.7884  1-4 EEL =     31184.6491  VDWAALS    =     -6962.3189
 EELEC  =    -57660.9112  EGB     =     -9544.9820  RESTRAINT  =         0.0000
 ------------------------------------------------------------------------------


 NSTEP =      400   TIME(PS) =       0.400  TEMP(K) =   117.07  PRESS =     0.0
 Etot   =    -22664.6072  EKtot   =      4400.7654  EPtot      =    -27065.3726
 BOND   =      1812.6764  ANGLE   =      3324.6360  DIHED      =      8057.7176
 1-4 NB =      2707.3703  1-4 EEL =     31234.1488  VDWAALS    =     -6936.1741
 EELEC  =    -57443.8664  EGB     =     -9821.8811  RESTRAINT  =         0.0000
 ------------------------------------------------------------------------------


 NSTEP =      420   TIME(PS) =       0.420  TEMP(K) =   119.85  PRESS =     0.0
 Etot   =    -22370.8764  EKtot   =      4505.3011  EPtot      =    -26876.1775
 BOND   =      1869.9681  ANGLE   =      3450.7250  DIHED      =      8059.9151
 1-4 NB =      2729.0293  1-4 EEL =     31176.8140  VDWAALS    =     -6947.5061
 EELEC  =    -56205.1179  EGB     =    -11010.0051  RESTRAINT  =         0.0000
 ------------------------------------------------------------------------------


 NSTEP =      440   TIME(PS) =       0.440  TEMP(K) =   123.30  PRESS =     0.0
 Etot   =    -22098.6658  EKtot   =      4635.0795  EPtot      =    -26733.7453
 BOND   =      1942.9231  ANGLE   =      3456.5327  DIHED      =      8062.0492
 1-4 NB =      2739.4077  1-4 EEL =     31214.1915  VDWAALS    =     -6926.5857
 EELEC  =    -56728.7841  EGB     =    -10493.4797  RESTRAINT  =         0.0000
 ------------------------------------------------------------------------------


 NSTEP =      460   TIME(PS) =       0.460  TEMP(K) =   126.30  PRESS =     0.0
 Etot   =    -21825.8132  EKtot   =      4747.6228  EPtot      =    -26573.4360
 BOND   =      1984.3245  ANGLE   =      3534.7679  DIHED      =      8089.2808
 1-4 NB =      2755.3341  1-4 EEL =     31178.9083  VDWAALS    =     -6905.2560
 EELEC  =    -56502.1409  EGB     =    -10708.6546  RESTRAINT  =         0.0000
 ------------------------------------------------------------------------------


 NSTEP =      480   TIME(PS) =       0.480  TEMP(K) =   130.13  PRESS =     0.0
 Etot   =    -21561.6152  EKtot   =      4891.4985  EPtot      =    -26453.1136
 BOND   =      2061.4371  ANGLE   =      3559.6356  DIHED      =      8090.7273
 1-4 NB =      2743.8488  1-4 EEL =     31223.2018  VDWAALS    =     -6888.9631
 EELEC  =    -56203.6666  EGB     =    -11039.3346  RESTRAINT  =         0.0000
 ------------------------------------------------------------------------------


 NSTEP =      500   TIME(PS) =       0.500  TEMP(K) =   133.08  PRESS =     0.0
 Etot   =    -21295.4956  EKtot   =      5002.6956  EPtot      =    -26298.1913
 BOND   =      2073.8113  ANGLE   =      3662.2933  DIHED      =      8145.0697
 1-4 NB =      2743.0107  1-4 EEL =     31195.5289  VDWAALS    =     -6869.1272
 EELEC  =    -56532.2677  EGB     =    -10716.5102  RESTRAINT  =         0.0000
 ------------------------------------------------------------------------------


 NSTEP =      520   TIME(PS) =       0.520  TEMP(K) =   136.54  PRESS =     0.0
 Etot   =    -21096.9854  EKtot   =      5132.7953  EPtot      =    -26229.7807
 BOND   =      2114.5925  ANGLE   =      3715.7516  DIHED      =      8128.3753
 1-4 NB =      2723.8737  1-4 EEL =     31223.6375  VDWAALS    =     -6873.0928
 EELEC  =    -57558.2232  EGB     =     -9704.6952  RESTRAINT  =         0.0000
 ------------------------------------------------------------------------------


 NSTEP =      540   TIME(PS) =       0.540  TEMP(K) =   140.61  PRESS =     0.0
 Etot   =    -20864.2851  EKtot   =      5285.6869  EPtot      =    -26149.9719
 BOND   =      2190.8320  ANGLE   =      3742.7012  DIHED      =      8101.7647
 1-4 NB =      2722.7547  1-4 EEL =     31229.0902  VDWAALS    =     -6863.9592
 EELEC  =    -57655.3947  EGB     =     -9617.7609  RESTRAINT  =         0.0000
 ------------------------------------------------------------------------------


 NSTEP =      560   TIME(PS) =       0.560  TEMP(K) =   142.37  PRESS =     0.0
 Etot   =    -20646.7584  EKtot   =      5351.8747  EPtot      =    -25998.6331
 BOND   =      2190.2093  ANGLE   =      3829.2984  DIHED      =      8122.6783
 1-4 NB =      2748.4906  1-4 EEL =     31234.7029  VDWAALS    =     -6846.6451
 EELEC  =    -57414.5316  EGB     =     -9862.8359  RESTRAINT  =         0.0000
 ------------------------------------------------------------------------------


 NSTEP =      580   TIME(PS) =       0.580  TEMP(K) =   146.03  PRESS =     0.0
 Etot   =    -20412.5999  EKtot   =      5489.3849  EPtot      =    -25901.9848
 BOND   =      2269.9973  ANGLE   =      3807.6482  DIHED      =      8121.4567
 1-4 NB =      2768.4463  1-4 EEL =     31151.6681  VDWAALS    =     -6815.5892
 EELEC  =    -57169.2617  EGB     =    -10036.3505  RESTRAINT  =         0.0000
 ------------------------------------------------------------------------------


 NSTEP =      600   TIME(PS) =       0.600  TEMP(K) =   149.21  PRESS =     0.0
 Etot   =    -20141.4045  EKtot   =      5608.9891  EPtot      =    -25750.3936
 BOND   =      2289.5332  ANGLE   =      3903.9712  DIHED      =      8143.9535
 1-4 NB =      2778.9198  1-4 EEL =     31181.6281  VDWAALS    =     -6832.4230
 EELEC  =    -56379.3280  EGB     =    -10836.6484  RESTRAINT  =         0.0000
 ------------------------------------------------------------------------------


 NSTEP =      620   TIME(PS) =       0.620  TEMP(K) =   151.76  PRESS =     0.0
 Etot   =    -19918.0126  EKtot   =      5704.8496  EPtot      =    -25622.8622
 BOND   =      2365.1548  ANGLE   =      3994.3438  DIHED      =      8131.7825
 1-4 NB =      2749.4431  1-4 EEL =     31137.8654  VDWAALS    =     -6794.7276
 EELEC  =    -56937.4761  EGB     =    -10269.2481  RESTRAINT  =         0.0000
 ------------------------------------------------------------------------------


 NSTEP =      640   TIME(PS) =       0.640  TEMP(K) =   153.49  PRESS =     0.0
 Etot   =    -19724.7988  EKtot   =      5769.8615  EPtot      =    -25494.6603
 BOND   =      2363.1024  ANGLE   =      4053.6949  DIHED      =      8154.8099
 1-4 NB =      2742.8246  1-4 EEL =     31202.0915  VDWAALS    =     -6750.2243
 EELEC  =    -57287.2020  EGB     =     -9973.7575  RESTRAINT  =         0.0000
 ------------------------------------------------------------------------------


 NSTEP =      660   TIME(PS) =       0.660  TEMP(K) =   156.48  PRESS =     0.0
 Etot   =    -19498.2621  EKtot   =      5882.0089  EPtot      =    -25380.2710
 BOND   =      2442.2691  ANGLE   =      4098.9752  DIHED      =      8151.9850
 1-4 NB =      2747.2513  1-4 EEL =     31169.4674  VDWAALS    =     -6736.3115
 EELEC  =    -56589.9134  EGB     =    -10663.9941  RESTRAINT  =         0.0000
 ------------------------------------------------------------------------------


 NSTEP =      680   TIME(PS) =       0.680  TEMP(K) =   161.50  PRESS =     0.0
 Etot   =    -19279.6997  EKtot   =      6070.7610  EPtot      =    -25350.4608
 BOND   =      2455.4521  ANGLE   =      4090.2266  DIHED      =      8161.1626
 1-4 NB =      2749.1902  1-4 EEL =     31155.4769  VDWAALS    =     -6734.5197
 EELEC  =    -55508.7892  EGB     =    -11718.6603  RESTRAINT  =         0.0000
 ------------------------------------------------------------------------------


 NSTEP =      700   TIME(PS) =       0.700  TEMP(K) =   161.32  PRESS =     0.0
 Etot   =    -19062.2816  EKtot   =      6063.9588  EPtot      =    -25126.2404
 BOND   =      2556.8202  ANGLE   =      4219.5648  DIHED      =      8151.9557
 1-4 NB =      2750.7494  1-4 EEL =     31103.2081  VDWAALS    =     -6732.9813
 EELEC  =    -55728.8993  EGB     =    -11446.6581  RESTRAINT  =         0.0000
 ------------------------------------------------------------------------------


 NSTEP =      720   TIME(PS) =       0.720  TEMP(K) =   163.17  PRESS =     0.0
 Etot   =    -18853.0645  EKtot   =      6133.5342  EPtot      =    -24986.5987
 BOND   =      2598.9840  ANGLE   =      4220.9438  DIHED      =      8208.0765
 1-4 NB =      2775.2372  1-4 EEL =     31087.6286  VDWAALS    =     -6745.0465
 EELEC  =    -55162.6933  EGB     =    -11969.7290  RESTRAINT  =         0.0000
 ------------------------------------------------------------------------------


 NSTEP =      740   TIME(PS) =       0.740  TEMP(K) =   167.69  PRESS =     0.0
 Etot   =    -18659.5965  EKtot   =      6303.7537  EPtot      =    -24963.3502
 BOND   =      2600.7652  ANGLE   =      4208.7244  DIHED      =      8189.3255
 1-4 NB =      2772.4504  1-4 EEL =     31128.2898  VDWAALS    =     -6741.2759
 EELEC  =    -55844.4255  EGB     =    -11277.2042  RESTRAINT  =         0.0000
 ------------------------------------------------------------------------------


 NSTEP =      760   TIME(PS) =       0.760  TEMP(K) =   172.18  PRESS =     0.0
 Etot   =    -18404.1041  EKtot   =      6472.4934  EPtot      =    -24876.5975
 BOND   =      2611.3022  ANGLE   =      4247.3653  DIHED      =      8237.6221
 1-4 NB =      2766.3212  1-4 EEL =     31160.7854  VDWAALS    =     -6725.9185
 EELEC  =    -55471.6627  EGB     =    -11702.4126  RESTRAINT  =         0.0000
 ------------------------------------------------------------------------------


 NSTEP =      780   TIME(PS) =       0.780  TEMP(K) =   174.52  PRESS =     0.0
 Etot   =    -18193.6822  EKtot   =      6560.3049  EPtot      =    -24753.9870
 BOND   =      2693.0754  ANGLE   =      4283.1469  DIHED      =      8203.3178
 1-4 NB =      2770.1245  1-4 EEL =     31195.1011  VDWAALS    =     -6723.0808
 EELEC  =    -56477.8813  EGB     =    -10697.7905  RESTRAINT  =         0.0000
 ------------------------------------------------------------------------------


 NSTEP =      800   TIME(PS) =       0.800  TEMP(K) =   177.68  PRESS =     0.0
 Etot   =    -18020.4706  EKtot   =      6679.2691  EPtot      =    -24699.7397
 BOND   =      2701.9308  ANGLE   =      4420.8082  DIHED      =      8221.9795
 1-4 NB =      2756.1026  1-4 EEL =     31090.3749  VDWAALS    =     -6698.1734
 EELEC  =    -56974.3486  EGB     =    -10218.4138  RESTRAINT  =         0.0000
 ------------------------------------------------------------------------------


 NSTEP =      820   TIME(PS) =       0.820  TEMP(K) =   179.32  PRESS =     0.0
 Etot   =    -17820.2492  EKtot   =      6740.6364  EPtot      =    -24560.8855
 BOND   =      2754.6562  ANGLE   =      4451.1852  DIHED      =      8237.7365
 1-4 NB =      2736.7904  1-4 EEL =     31119.3394  VDWAALS    =     -6691.8950
 EELEC  =    -56707.9443  EGB     =    -10460.7539  RESTRAINT  =         0.0000
 ------------------------------------------------------------------------------


 NSTEP =      840   TIME(PS) =       0.840  TEMP(K) =   181.12  PRESS =     0.0
 Etot   =    -17617.3674  EKtot   =      6808.6005  EPtot      =    -24425.9679
 BOND   =      2814.0854  ANGLE   =      4538.4284  DIHED      =      8231.3475
 1-4 NB =      2741.9408  1-4 EEL =     31032.4016  VDWAALS    =     -6668.9117
 EELEC  =    -56440.7545  EGB     =    -10674.5054  RESTRAINT  =         0.0000
 ------------------------------------------------------------------------------


 NSTEP =      860   TIME(PS) =       0.860  TEMP(K) =   183.76  PRESS =     0.0
 Etot   =    -17442.8769  EKtot   =      6907.6844  EPtot      =    -24350.5612
 BOND   =      2837.3614  ANGLE   =      4545.9584  DIHED      =      8250.9230
 1-4 NB =      2746.5173  1-4 EEL =     31123.0587  VDWAALS    =     -6656.4826
 EELEC  =    -57715.5283  EGB     =     -9482.3691  RESTRAINT  =         0.0000
 ------------------------------------------------------------------------------


 NSTEP =      880   TIME(PS) =       0.880  TEMP(K) =   186.98  PRESS =     0.0
 Etot   =    -17264.5073  EKtot   =      7028.8817  EPtot      =    -24293.3890
 BOND   =      2884.0766  ANGLE   =      4562.1947  DIHED      =      8286.9249
 1-4 NB =      2742.6168  1-4 EEL =     31015.2530  VDWAALS    =     -6646.6873
 EELEC  =    -57426.2262  EGB     =     -9711.5414  RESTRAINT  =         0.0000
 ------------------------------------------------------------------------------


 NSTEP =      900   TIME(PS) =       0.900  TEMP(K) =   188.52  PRESS =     0.0
 Etot   =    -17079.2782  EKtot   =      7086.4197  EPtot      =    -24165.6979
 BOND   =      2882.8098  ANGLE   =      4601.3662  DIHED      =      8307.2838
 1-4 NB =      2750.6991  1-4 EEL =     31104.5741  VDWAALS    =     -6639.4709
 EELEC  =    -57719.9793  EGB     =     -9452.9808  RESTRAINT  =         0.0000
 ------------------------------------------------------------------------------


 NSTEP =      920   TIME(PS) =       0.920  TEMP(K) =   193.89  PRESS =     0.0
 Etot   =    -16870.3398  EKtot   =      7288.3057  EPtot      =    -24158.6455
 BOND   =      2934.3500  ANGLE   =      4593.9232  DIHED      =      8283.0838
 1-4 NB =      2772.3866  1-4 EEL =     31062.5298  VDWAALS    =     -6629.1837
 EELEC  =    -58018.9587  EGB     =     -9156.7764  RESTRAINT  =         0.0000
 ------------------------------------------------------------------------------


 NSTEP =      940   TIME(PS) =       0.940  TEMP(K) =   195.20  PRESS =     0.0
 Etot   =    -16708.2536  EKtot   =      7337.5281  EPtot      =    -24045.7816
 BOND   =      2933.5373  ANGLE   =      4625.0840  DIHED      =      8290.8301
 1-4 NB =      2786.2064  1-4 EEL =     31168.1590  VDWAALS    =     -6598.8007
 EELEC  =    -56958.8430  EGB     =    -10291.9547  RESTRAINT  =         0.0000
 ------------------------------------------------------------------------------


 NSTEP =      960   TIME(PS) =       0.960  TEMP(K) =   194.87  PRESS =     0.0
 Etot   =    -16524.1168  EKtot   =      7325.3647  EPtot      =    -23849.4814
 BOND   =      3076.7115  ANGLE   =      4745.6309  DIHED      =      8261.7857
 1-4 NB =      2768.5480  1-4 EEL =     31144.6735  VDWAALS    =     -6621.5131
 EELEC  =    -57197.9414  EGB     =    -10027.3765  RESTRAINT  =         0.0000
 ------------------------------------------------------------------------------


 NSTEP =      980   TIME(PS) =       0.980  TEMP(K) =   198.41  PRESS =     0.0
 Etot   =    -16375.2051  EKtot   =      7458.4373  EPtot      =    -23833.6424
 BOND   =      3064.2834  ANGLE   =      4691.7196  DIHED      =      8300.3718
 1-4 NB =      2761.9992  1-4 EEL =     31214.5872  VDWAALS    =     -6610.6825
 EELEC  =    -57437.5976  EGB     =     -9818.3236  RESTRAINT  =         0.0000
 ------------------------------------------------------------------------------

| RE_POSITION Moving by  -0.509331 -0.132315  0.087784

 NSTEP =     1000   TIME(PS) =       1.000  TEMP(K) =   200.20  PRESS =     0.0
 Etot   =    -16183.7633  EKtot   =      7525.7265  EPtot      =    -23709.4898
 BOND   =      3115.7220  ANGLE   =      4811.5431  DIHED      =      8284.0435
 1-4 NB =      2759.6043  1-4 EEL =     31012.4372  VDWAALS    =     -6582.2014
 EELEC  =    -57121.1268  EGB     =     -9989.5116  RESTRAINT  =         0.0000
 ------------------------------------------------------------------------------


      A V E R A G E S   O V E R    1000 S T E P S


 NSTEP =     1000   TIME(PS) =       1.000  TEMP(K) =   123.75  PRESS =     0.0
 Etot   =    -21860.9296  EKtot   =      4651.6775  EPtot      =    -26512.6071
 BOND   =      1975.7629  ANGLE   =      3520.2765  DIHED      =      8090.6634
 1-4 NB =      2740.7961  1-4 EEL =     31262.0683  VDWAALS    =     -6876.9360
 EELEC  =    -56976.4112  EGB     =    -10248.8272  RESTRAINT  =         0.0000
 ------------------------------------------------------------------------------


      R M S  F L U C T U A T I O N S


 NSTEP =     1000   TIME(PS) =       1.000  TEMP(K) =    54.18  PRESS =     0.0
 Etot   =      3822.9070  EKtot   =      2036.6431  EPtot      =      1796.4865
 BOND   =       750.6273  ANGLE   =       867.0078  DIHED      =       131.5140
 1-4 NB =        23.2976  1-4 EEL =       174.2878  VDWAALS    =       175.5368
 EELEC  =       687.9073  EGB     =       676.4805  RESTRAINT  =         0.0000
 ------------------------------------------------------------------------------


--------------------------------------------------------------------------------
   5.  TIMINGS
--------------------------------------------------------------------------------

|                Calc gb radii            244.56 (27.37% of Gen B)
|                Calc gb diag             490.83 (54.94% of Gen B)
|                Calc gb off-diag         157.99 (17.68% of Gen B)
|             Gen Born time            893.38 (100.0% of Nonbo)
|          Nonbond force            893.38 (99.57% of Force)
|          Bond/Angle/Dihedral        3.88 ( 0.43% of Force)
|       Force time               897.27 (99.70% of Runmd)
|       Verlet update time         2.71 ( 0.30% of Runmd)
|    Runmd Time               899.98 (100.0% of Total)
|    Other                      0.09 ( 0.01% of Total)
| Total time               900.08 (100.0% of ALL  )

| Number of list builds   :          0

| Highest rstack allocated:          0
| Highest istack allocated:          0

| Final Performance Info:
| -----------------------------------------------------
| Average timings for all steps:
|     Elapsed(s) =     899.98 Per Step(ms) =     899.98
|         ns/day =       0.10   seconds/ns =  899982.23
| -----------------------------------------------------

|           Job began  at 16:05:54.669  on 06/14/2023
|           Setup done at 16:05:54.764  on 06/14/2023
|           Run   done at 16:20:54.746  on 06/14/2023
|     wallclock() was called   22081 times

|3D-RISM memory allocation summary
|Type          Maximum        Current   
|Integer       0.00000 GB     0.00000 GB
|Real          0.00000 GB     0.00000 GB
|Logical       0.00000 GB     0.00000 GB
|Character     0.00000 GB     0.00000 GB
|---------------------------------------
|Total         0.00000 GB     0.00000 GB
