
          -------------------------------------------------------
          Amber 22 SANDER                              2022
          -------------------------------------------------------

| Run on 06/14/2023 at 12:33:29

|   Executable path: sander
| Working directory: /Users/livtoft/Desktop/SURE/Relaxation
|          Hostname: Unknown
  [-O]verwriting output

File Assignments:
|  MDIN: simple_min.in                                                         
| MDOUT: TXS_GGPP_gas_min.out                                                  
|INPCRD: TXS_GGPP_gas.rst7                                                     
|  PARM: TXS_GGPP_gas.prmtop                                                   
|RESTRT: TXS_GGPP_gas_min.ncrst                                                
|  REFC: refc                                                                  
| MDVEL: mdvel                                                                 
| MDFRC: mdfrc                                                                 
|  MDEN: mden                                                                  
| MDCRD: mdcrd                                                                 
|MDINFO: mdinfo                                                                
|  MTMD: mtmd                                                                  
|INPDIP: inpdip                                                                
|RSTDIP: rstdip                                                                
|INPTRA: inptraj                                                               


 Here is the input file:

Initial minimisation of TXS-substrate complex                                  
 &cntrl                                                                        
  imin=1, maxcyc=200, ncyc=50,                                                 
  cut=16, ntb=0, igb=1,                                                        
 &end                                                                          

--------------------------------------------------------------------------------
   1.  RESOURCE   USE: 
--------------------------------------------------------------------------------

| Flags:                                                                        
| New format PARM file being parsed.
| Version =    1.000 Date = 06/14/23 Time = 11:54:45
 NATOM  =   12611 NTYPES =      17 NBONH =    6234 MBONA  =    6524
 NTHETH =   14166 MTHETA =    8841 NPHIH =   27921 MPHIA  =   21881
 NHPARM =       0 NPARM  =       0 NNB   =   69611 NRES   =     788
 NBONA  =    6524 NTHETA =    8841 NPHIA =   21881 NUMBND =      54
 NUMANG =     117 NPTRA  =      53 NATYP =      38 NPHB   =       0
 IFBOX  =       0 NMXRS  =      62 IFCAP =       0 NEXTRA =       0
 NCOPY  =       0

 Implicit solvent radii are modified Bondi radii (mbondi)                                                   

|     Memory Use     Allocated
|     Real             1775428
|     Hollerith          38623
|     Integer           692030
|     Max Pairs              1
|     nblistReal             0
|     nblist Int             0
|       Total            16724 kbytes

| Note: 1-4 EEL scale factors are being read from the topology file.

| Note: 1-4 VDW scale factors are being read from the topology file.
| Duplicated    0 dihedrals
| Duplicated    0 dihedrals

--------------------------------------------------------------------------------
   2.  CONTROL  DATA  FOR  THE  RUN
--------------------------------------------------------------------------------

default_name                                                                    

General flags:
     imin    =       1, nmropt  =       0

Nature and format of input:
     ntx     =       1, irest   =       0, ntrx    =       1

Nature and format of output:
     ntxo    =       2, ntpr    =      50, ntrx    =       1, ntwr    =       1
     iwrap   =       0, ntwx    =       0, ntwv    =       0, ntwe    =       0
     ioutfm  =       1, ntwprt  =       0, idecomp =       0, rbornstat=      0

Potential function:
     ntf     =       1, ntb     =       0, igb     =       1, nsnb    =      25
     ipol    =       0, gbsa    =       0, iesp    =       0
     dielc   =   1.00000, cut     =  16.00000, intdiel =   1.00000
     saltcon =   0.00000, offset  =   0.09000, gbalpha=    1.00000
     gbbeta  =   0.00000, gbgamma =   0.00000, surften =   0.00500
     rdt     =   0.00000, rgbmax  =  25.00000  extdiel =  78.50000
     alpb  =        0

Frozen or restrained atoms:
     ibelly  =       0, ntr     =       0

Energy minimization:
     maxcyc  =     200, ncyc    =      50, ntmin   =       1
     dx0     =   0.01000, drms    =   0.00010
|  INFO: Old style inpcrd file read


--------------------------------------------------------------------------------
   3.  ATOMIC COORDINATES AND VELOCITIES
--------------------------------------------------------------------------------

default_name                                                                    
 begin time read from input coords =     0.000 ps

 Number of triangulated 3-point waters found:        0

--------------------------------------------------------------------------------
   4.  RESULTS
--------------------------------------------------------------------------------



   NSTEP       ENERGY          RMS            GMAX         NAME    NUMBER
      1              NaN            NaN     7.8095E+05     HD11    12463

 BOND    =     4137.1239  ANGLE   =     2350.5106  DIHED      =     7807.7482
 VDWAALS =           NaN  EEL     =      Infinity  EGB        =   -11465.2959
 1-4 VDW =     5026.5606  1-4 EEL =    34693.8415  RESTRAINT  =        0.0000


   NSTEP       ENERGY          RMS            GMAX         NAME    NUMBER
     50              NaN            NaN     0.0000E+00     N           1

 BOND    =           NaN  ANGLE   =  1547333.8996  DIHED      =     5788.9400
 VDWAALS =        0.0000  EEL     =        0.0000  EGB        =  -170377.8436
 1-4 VDW =           NaN  1-4 EEL =           NaN  RESTRAINT  =        0.0000

     ... RESTARTED DUE TO LINMIN FAILURE ...

     ... RESTARTED DUE TO LINMIN FAILURE ...

     ... RESTARTED DUE TO LINMIN FAILURE ...

     ... RESTARTED DUE TO LINMIN FAILURE ...

     ... RESTARTED DUE TO LINMIN FAILURE ...

     ***** REPEATED LINMIN FAILURE *****

     ***** SEE http://ambermd.org/Questions/linmin.html FOR MORE INFO *****


                    FINAL RESULTS



   NSTEP       ENERGY          RMS            GMAX         NAME    NUMBER
     71              NaN            NaN     0.0000E+00     N           1

 BOND    =           NaN  ANGLE   =  1547333.8996  DIHED      =     5788.9400
 VDWAALS =        0.0000  EEL     =        0.0000  EGB        =  -170377.8436
 1-4 VDW =           NaN  1-4 EEL =           NaN  RESTRAINT  =        0.0000

--------------------------------------------------------------------------------
   5.  TIMINGS
--------------------------------------------------------------------------------

|    Read coords time           0.01 ( 0.03% of Total)
|                Calc gb radii              3.59 (18.36% of Gen B)
|                Calc gb diag              12.17 (62.35% of Gen B)
|                Calc gb off-diag           3.77 (19.29% of Gen B)
|             Gen Born time             19.53 (100.0% of Nonbo)
|          Nonbond force             19.53 (98.99% of Force)
|          Bond/Angle/Dihedral        0.20 ( 1.01% of Force)
|       Force time                19.73 (100.0% of Runmd)
|    Runmd Time                19.73 (99.24% of Total)
|    Other                      0.14 ( 0.72% of Total)
| Total time                19.88 (100.0% of ALL  )

| Number of list builds   :          0

| Highest rstack allocated:          0
| Highest istack allocated:          0
|           Job began  at 12:33:29.492  on 06/14/2023
|           Setup done at 12:33:29.604  on 06/14/2023
|           Run   done at 12:33:49.368  on 06/14/2023
|     wallclock() was called    1306 times

|3D-RISM memory allocation summary
|Type          Maximum        Current   
|Integer       0.00000 GB     0.00000 GB
|Real          0.00000 GB     0.00000 GB
|Logical       0.00000 GB     0.00000 GB
|Character     0.00000 GB     0.00000 GB
|---------------------------------------
|Total         0.00000 GB     0.00000 GB
