
                         MODELLER 10.4, 2022/10/28, r12463

     PROTEIN STRUCTURE MODELLING BY SATISFACTION OF SPATIAL RESTRAINTS


                     Copyright(c) 1989-2022 Andrej Sali
                            All Rights Reserved

                             Written by A. Sali
                               with help from
              B. Webb, M.S. Madhusudhan, M-Y. Shen, G.Q. Dong,
          M.A. Marti-Renom, N. Eswar, F. Alber, M. Topf, B. Oliva,
             A. Fiser, R. Sanchez, B. Yerkovich, A. Badretdinov,
                     F. Melo, J.P. Overington, E. Feyfant
                 University of California, San Francisco, USA
                    Rockefeller University, New York, USA
                      Harvard University, Cambridge, USA
                   Imperial Cancer Research Fund, London, UK
              Birkbeck College, University of London, London, UK


Kind, OS, HostName, Kernel, Processor: 4, Darwin Livs-MacBook-Pro.local 22.4.0 x86_64
Date and time of compilation         : 2022/10/28 13:27:37
MODELLER executable type             : mac10v4-intel64
Job starting time (YY/MM/DD HH:MM:SS): 2023/06/02 14:24:35

openf___224_> Open           $(LIB)/restyp.lib
openf___224_> Open           ${MODINSTALL10v4}/modlib/resgrp.lib
rdresgr_266_> Number of residue groups:        2
openf___224_> Open           ${MODINSTALL10v4}/modlib/sstruc.lib

Dynamically allocated memory at   amaxlibraries [B,KiB,MiB]:       191566     187.076     0.183

Dynamically allocated memory at   amaxlibraries [B,KiB,MiB]:       192094     187.592     0.183
openf___224_> Open           ${MODINSTALL10v4}/modlib/resdih.lib

Dynamically allocated memory at   amaxlibraries [B,KiB,MiB]:       240694     235.053     0.230
rdrdih__263_> Number of dihedral angle types         :        9
              Maximal number of dihedral angle optima:        3
              Dihedral angle names                   :  Alph Phi Psi Omeg chi1 chi2 chi3 chi4 chi5
openf___224_> Open           ${MODINSTALL10v4}/modlib/radii.lib

Dynamically allocated memory at   amaxlibraries [B,KiB,MiB]:       253994     248.041     0.242
openf___224_> Open           ${MODINSTALL10v4}/modlib/af_mnchdef.lib
rdwilmo_274_> Mainchain residue conformation classes:  APBLE
openf___224_> Open           ${MODINSTALL10v4}/modlib/mnch.lib
rdclass_257_> Number of classes:        5
openf___224_> Open           ${MODINSTALL10v4}/modlib/mnch1.lib
openf___224_> Open           ${MODINSTALL10v4}/modlib/mnch2.lib
openf___224_> Open           ${MODINSTALL10v4}/modlib/mnch3.lib
openf___224_> Open           ${MODINSTALL10v4}/modlib/xs4.mat
rdrrwgh_268_> Number of residue types:       21
openf___224_> Open           $(LIB)/top_heav.lib
read_to_681_> topology.submodel read from topology file:        3
openf___224_> Open           $(LIB)/par.lib

Dynamically allocated memory at  amaxparameters [B,KiB,MiB]:       393438     384.217     0.375

Dynamically allocated memory at  amaxparameters [B,KiB,MiB]:       395038     385.779     0.377

Dynamically allocated memory at  amaxparameters [B,KiB,MiB]:       399018     389.666     0.381

Dynamically allocated memory at  amaxparameters [B,KiB,MiB]:       401018     391.619     0.382

Dynamically allocated memory at  amaxparameters [B,KiB,MiB]:       404018     394.549     0.385

Dynamically allocated memory at  amaxparameters [B,KiB,MiB]:       408518     398.943     0.390

Dynamically allocated memory at  amaxparameters [B,KiB,MiB]:       414090     404.385     0.395

Dynamically allocated memory at  amaxparameters [B,KiB,MiB]:       416890     407.119     0.398

Dynamically allocated memory at  amaxparameters [B,KiB,MiB]:       421090     411.221     0.402

Dynamically allocated memory at  amaxparameters [B,KiB,MiB]:       427390     417.373     0.408

Dynamically allocated memory at  amaxparameters [B,KiB,MiB]:       430162     420.080     0.410

Dynamically allocated memory at  amaxparameters [B,KiB,MiB]:       431562     421.447     0.412
read_pa_232_> parameters    BONDS   ANGLS  DIHEDS IMPROPS    MODE
                              227     561     661     112       0
openf___224_> Open           3P5R.pdb

Dynamically allocated memory at amaxcoordinates [B,KiB,MiB]:       442599     432.226     0.422

Dynamically allocated memory at    amaxsequence [B,KiB,MiB]:       442675     432.300     0.422

Dynamically allocated memory at amaxcoordinates [B,KiB,MiB]:       442846     432.467     0.422

Dynamically allocated memory at amaxcoordinates [B,KiB,MiB]:       443696     433.297     0.423

Dynamically allocated memory at amaxcoordinates [B,KiB,MiB]:       444954     434.525     0.424

Dynamically allocated memory at amaxcoordinates [B,KiB,MiB]:       446858     436.385     0.426

Dynamically allocated memory at    amaxsequence [B,KiB,MiB]:       446898     436.424     0.426

Dynamically allocated memory at amaxcoordinates [B,KiB,MiB]:       446988     436.512     0.426

Dynamically allocated memory at amaxcoordinates [B,KiB,MiB]:       449844     439.301     0.429

Dynamically allocated memory at    amaxsequence [B,KiB,MiB]:       449904     439.359     0.429

Dynamically allocated memory at amaxcoordinates [B,KiB,MiB]:       450039     439.491     0.429

Dynamically allocated memory at amaxcoordinates [B,KiB,MiB]:       454323     443.675     0.433

Dynamically allocated memory at    amaxsequence [B,KiB,MiB]:       454411     443.761     0.433

Dynamically allocated memory at amaxcoordinates [B,KiB,MiB]:       454609     443.954     0.434

Dynamically allocated memory at amaxcoordinates [B,KiB,MiB]:       461035     450.229     0.440

Dynamically allocated memory at    amaxsequence [B,KiB,MiB]:       461167     450.358     0.440

Dynamically allocated memory at amaxcoordinates [B,KiB,MiB]:       461464     450.648     0.440

Dynamically allocated memory at amaxcoordinates [B,KiB,MiB]:       471086     460.045     0.449

Dynamically allocated memory at    amaxsequence [B,KiB,MiB]:       471286     460.240     0.449

Dynamically allocated memory at amaxcoordinates [B,KiB,MiB]:       471736     460.680     0.450

Dynamically allocated memory at amaxcoordinates [B,KiB,MiB]:       486186     474.791     0.464

Dynamically allocated memory at    amaxsequence [B,KiB,MiB]:       486486     475.084     0.464

Dynamically allocated memory at amaxcoordinates [B,KiB,MiB]:       487161     475.743     0.465

Dynamically allocated memory at amaxcoordinates [B,KiB,MiB]:       508819     496.894     0.485

Dynamically allocated memory at    amaxsequence [B,KiB,MiB]:       509267     497.331     0.486

Dynamically allocated memory at amaxcoordinates [B,KiB,MiB]:       510275     498.315     0.487

Dynamically allocated memory at amaxcoordinates [B,KiB,MiB]:       542779     530.058     0.518

Dynamically allocated memory at    amaxsequence [B,KiB,MiB]:       543451     530.714     0.518

Dynamically allocated memory at amaxcoordinates [B,KiB,MiB]:       544963     532.190     0.520

Dynamically allocated memory at amaxcoordinates [B,KiB,MiB]:       593719     579.804     0.566

Dynamically allocated memory at    amaxsequence [B,KiB,MiB]:       594727     580.788     0.567

Dynamically allocated memory at amaxcoordinates [B,KiB,MiB]:       596995     583.003     0.569

Dynamically allocated memory at amaxcoordinates [B,KiB,MiB]:       670129     654.423     0.639

Dynamically allocated memory at       amaxmodel [B,KiB,MiB]:      1191921    1163.985     1.137
read_mo_297_> Segments, residues, atoms:        1      724     5854
read_mo_298_> Segment:        1  111:A  862:A     5854

Dynamically allocated memory at   amaxalignment [B,KiB,MiB]:      1213869    1185.419     1.158

Dynamically allocated memory at   amaxstructure [B,KiB,MiB]:      1639529    1601.103     1.564

Dynamically allocated memory at   amaxalignment [B,KiB,MiB]:      1646613    1608.021     1.570

Dynamically allocated memory at   amaxstructure [B,KiB,MiB]:      2072273    2023.704     1.976

Dynamically allocated memory at       amaxmodel [B,KiB,MiB]:      2160913    2110.267     2.061

mkilst______> segment topology constructed from sequence and RTF:
              segments residues  atoms  bonds angles dihedrals impropers:
                     1      724   5854   5992      0         0      2544

Dynamically allocated memory at       amaxmodel [B,KiB,MiB]:      2411809    2355.282     2.300

patch_______> segment topology patched using RTF:  1 ;  THR  ;  NTER
              segments residues  atoms  bonds angles dihedrals impropers:
                     1      724   5854   5992   8121      9592      2544


Dynamically allocated memory at       amaxmodel [B,KiB,MiB]:      2686585    2623.618     2.562
patch_______> segment topology patched using RTF:  724 ;  VAL  ;  CTER
              segments residues  atoms  bonds angles dihedrals impropers:
                     1      724   5855   5993   8123      9594      2545

genseg______> segment topology constructed from sequence and RTF:
              segments residues  atoms  bonds angles dihedrals impropers:
                     1      724   5855   5993   8123      9594      2545
transfe_506_> MODEL is an average of all templates.
transfe_511_> Number of templates for coordinate transfer:        1
              After transferring coordinates of the equivalent template atoms,
              there are defined, undefined atoms in MODEL:     5854        1
openf___224_> Open           ${LIB}/atmcls-mf.lib

Dynamically allocated memory at amaxgroup_restr [B,KiB,MiB]:      1806661    1764.317     1.723

Dynamically allocated memory at amaxgroup_restr [B,KiB,MiB]:      1806725    1764.380     1.723

Dynamically allocated memory at amaxgroup_restr [B,KiB,MiB]:      1806783    1764.437     1.723

Dynamically allocated memory at amaxgroup_restr [B,KiB,MiB]:      1806847    1764.499     1.723

Dynamically allocated memory at amaxgroup_restr [B,KiB,MiB]:      1806913    1764.563     1.723

Dynamically allocated memory at amaxgroup_restr [B,KiB,MiB]:      1806977    1764.626     1.723

Dynamically allocated memory at amaxgroup_restr [B,KiB,MiB]:      1807133    1764.778     1.723

Dynamically allocated memory at amaxgroup_restr [B,KiB,MiB]:      1807261    1764.903     1.724

Dynamically allocated memory at amaxgroup_restr [B,KiB,MiB]:      1807555    1765.190     1.724

Dynamically allocated memory at amaxgroup_restr [B,KiB,MiB]:      1807747    1765.378     1.724

Dynamically allocated memory at amaxgroup_restr [B,KiB,MiB]:      1808251    1765.870     1.724

Dynamically allocated memory at amaxgroup_restr [B,KiB,MiB]:      1808507    1766.120     1.725

Dynamically allocated memory at amaxgroup_restr [B,KiB,MiB]:      1809503    1767.093     1.726

Dynamically allocated memory at amaxgroup_restr [B,KiB,MiB]:      1809887    1767.468     1.726

Dynamically allocated memory at amaxgroup_restr [B,KiB,MiB]:      1810463    1768.030     1.727

Dynamically allocated memory at amaxgroup_restr [B,KiB,MiB]:      1812497    1770.017     1.729

Dynamically allocated memory at amaxgroup_restr [B,KiB,MiB]:      1813393    1770.892     1.729

Dynamically allocated memory at amaxgroup_restr [B,KiB,MiB]:      1817845    1775.239     1.734

Dynamically allocated memory at amaxgroup_restr [B,KiB,MiB]:      1819189    1776.552     1.735

Dynamically allocated memory at amaxgroup_restr [B,KiB,MiB]:      1828807    1785.944     1.744

Dynamically allocated memory at amaxgroup_restr [B,KiB,MiB]:      1830791    1787.882     1.746

Dynamically allocated memory at amaxgroup_restr [B,KiB,MiB]:      1851437    1808.044     1.766

Dynamically allocated memory at amaxgroup_restr [B,KiB,MiB]:      1854445    1810.981     1.769

Dynamically allocated memory at amaxgroup_restr [B,KiB,MiB]:      1900411    1855.870     1.812

Dynamically allocated memory at amaxgroup_restr [B,KiB,MiB]:      1904891    1860.245     1.817

Dynamically allocated memory at amaxgroup_restr [B,KiB,MiB]:      2006111    1959.093     1.913
openf___224_> Open           ${LIB}/dist-mf.lib

Dynamically allocated memory at amaxgroup_restr [B,KiB,MiB]:      2006507    1959.479     1.914

Dynamically allocated memory at amaxgroup_restr [B,KiB,MiB]:      2007303    1960.257     1.914

Dynamically allocated memory at amaxgroup_restr [B,KiB,MiB]:      2008099    1961.034     1.915

Dynamically allocated memory at amaxgroup_restr [B,KiB,MiB]:      2009287    1962.194     1.916

Dynamically allocated memory at amaxgroup_restr [B,KiB,MiB]:      2009687    1962.585     1.917

Dynamically allocated memory at amaxgroup_restr [B,KiB,MiB]:      2010287    1963.171     1.917

Dynamically allocated memory at amaxgroup_restr [B,KiB,MiB]:      2011187    1964.050     1.918

Dynamically allocated memory at amaxgroup_restr [B,KiB,MiB]:      2012535    1965.366     1.919

Dynamically allocated memory at amaxgroup_restr [B,KiB,MiB]:      2012735    1965.562     1.919

Dynamically allocated memory at amaxgroup_restr [B,KiB,MiB]:      2014759    1967.538     1.921

Dynamically allocated memory at amaxgroup_restr [B,KiB,MiB]:      2015059    1967.831     1.922

Dynamically allocated memory at amaxgroup_restr [B,KiB,MiB]:      2018095    1970.796     1.925

Dynamically allocated memory at amaxgroup_restr [B,KiB,MiB]:      2018543    1971.233     1.925

Dynamically allocated memory at amaxgroup_restr [B,KiB,MiB]:      2023095    1975.679     1.929

Dynamically allocated memory at amaxgroup_restr [B,KiB,MiB]:      2023767    1976.335     1.930

Dynamically allocated memory at amaxgroup_restr [B,KiB,MiB]:      2030595    1983.003     1.937

Dynamically allocated memory at amaxgroup_restr [B,KiB,MiB]:      2031603    1983.987     1.937

Dynamically allocated memory at amaxgroup_restr [B,KiB,MiB]:      2041847    1993.991     1.947

Dynamically allocated memory at amaxgroup_restr [B,KiB,MiB]:      2042447    1994.577     1.948

Dynamically allocated memory at amaxgroup_restr [B,KiB,MiB]:      2042847    1994.968     1.948

Dynamically allocated memory at amaxgroup_restr [B,KiB,MiB]:      2044359    1996.444     1.950

Dynamically allocated memory at amaxgroup_restr [B,KiB,MiB]:      2059723    2011.448     1.964

Dynamically allocated memory at amaxgroup_restr [B,KiB,MiB]:      2060623    2012.327     1.965

Dynamically allocated memory at amaxgroup_restr [B,KiB,MiB]:      2061223    2012.913     1.966

Dynamically allocated memory at amaxgroup_restr [B,KiB,MiB]:      2063491    2015.128     1.968

Dynamically allocated memory at amaxgroup_restr [B,KiB,MiB]:      2086539    2037.636     1.990

Dynamically allocated memory at amaxgroup_restr [B,KiB,MiB]:      2087883    2038.948     1.991

Dynamically allocated memory at amaxgroup_restr [B,KiB,MiB]:      2088783    2039.827     1.992

Dynamically allocated memory at amaxgroup_restr [B,KiB,MiB]:      2092187    2043.151     1.995

Dynamically allocated memory at amaxgroup_restr [B,KiB,MiB]:      2126759    2076.913     2.028

Dynamically allocated memory at amaxgroup_restr [B,KiB,MiB]:      2128775    2078.882     2.030

Dynamically allocated memory at amaxgroup_restr [B,KiB,MiB]:      2130123    2080.198     2.031

Dynamically allocated memory at amaxgroup_restr [B,KiB,MiB]:      2135227    2085.183     2.036

Dynamically allocated memory at amaxgroup_restr [B,KiB,MiB]:      2187083    2135.823     2.086

Dynamically allocated memory at amaxgroup_restr [B,KiB,MiB]:      2190107    2138.776     2.089

Dynamically allocated memory at amaxgroup_restr [B,KiB,MiB]:      2192131    2140.753     2.091

Dynamically allocated memory at amaxgroup_restr [B,KiB,MiB]:      2199787    2148.229     2.098

Dynamically allocated memory at amaxgroup_restr [B,KiB,MiB]:      2277571    2224.190     2.172

Dynamically allocated memory at amaxgroup_restr [B,KiB,MiB]:      2282107    2228.620     2.176

Dynamically allocated memory at amaxgroup_restr [B,KiB,MiB]:      2285143    2231.585     2.179

Dynamically allocated memory at amaxgroup_restr [B,KiB,MiB]:      2296627    2242.800     2.190

Dynamically allocated memory at amaxgroup_restr [B,KiB,MiB]:      2413303    2356.741     2.302

Dynamically allocated memory at amaxgroup_restr [B,KiB,MiB]:      2420107    2363.386     2.308

Dynamically allocated memory at amaxgroup_restr [B,KiB,MiB]:      2424659    2367.831     2.312

Dynamically allocated memory at amaxgroup_restr [B,KiB,MiB]:      2441887    2384.655     2.329

Dynamically allocated memory at amaxgroup_restr [B,KiB,MiB]:      2616903    2555.569     2.496

Dynamically allocated memory at amaxgroup_restr [B,KiB,MiB]:      2627115    2565.542     2.505

Dynamically allocated memory at amaxgroup_restr [B,KiB,MiB]:      2633943    2572.210     2.512

Dynamically allocated memory at amaxgroup_restr [B,KiB,MiB]:      2659783    2597.444     2.537

Dynamically allocated memory at amaxgroup_restr [B,KiB,MiB]:      2922307    2853.815     2.787

Dynamically allocated memory at amaxgroup_restr [B,KiB,MiB]:      2937619    2868.769     2.802

Dynamically allocated memory at amaxgroup_restr [B,KiB,MiB]:      2947863    2878.772     2.811

Dynamically allocated memory at amaxgroup_restr [B,KiB,MiB]:      2986623    2916.624     2.848

Dynamically allocated memory at amaxgroup_restr [B,KiB,MiB]:      3380407    3301.179     3.224

Dynamically allocated memory at amaxgroup_restr [B,KiB,MiB]:      3403375    3323.608     3.246

Dynamically allocated memory at amaxgroup_restr [B,KiB,MiB]:      3418739    3338.612     3.260

Dynamically allocated memory at amaxgroup_restr [B,KiB,MiB]:      3476879    3395.390     3.316

Dynamically allocated memory at amaxgroup_restr [B,KiB,MiB]:      4067555    3972.222     3.879

Dynamically allocated memory at amaxgroup_restr [B,KiB,MiB]:      4102007    4005.866     3.912

Dynamically allocated memory at amaxgroup_restr [B,KiB,MiB]:      4125055    4028.374     3.934

Dynamically allocated memory at amaxgroup_restr [B,KiB,MiB]:      4212267    4113.542     4.017

Dynamically allocated memory at amaxgroup_restr [B,KiB,MiB]:      5098283    4978.792     4.862

Dynamically allocated memory at amaxgroup_restr [B,KiB,MiB]:      5149967    5029.265     4.911

Dynamically allocated memory at amaxgroup_restr [B,KiB,MiB]:      5184539    5063.026     4.944

Dynamically allocated memory at amaxgroup_restr [B,KiB,MiB]:      5315355    5190.776     5.069

Dynamically allocated memory at amaxgroup_restr [B,KiB,MiB]:      6644379    6488.651     6.337
read_pa_232_> parameters    BONDS   ANGLS  DIHEDS IMPROPS    MODE
                                0       0       0       0   12561
>> Model assessment by DOPE potential
iatmcls_286W> MODEL atom not classified:  VAL:OXT  VAL
preppdf_453W> No fixed restraints selected; there may be some dynamic ones.
preppdf_454W> Restraints file was probably not read; use restraints.append().

Dynamically allocated memory at amaxhash_contac [B,KiB,MiB]:      8330743    8135.491     7.945

Dynamically allocated memory at  amaxrestraints [B,KiB,MiB]:      8763867    8558.464     8.358

Dynamically allocated memory at  amaxrestraints [B,KiB,MiB]:      8904387    8695.690     8.492

Dynamically allocated memory at  amaxrestraints [B,KiB,MiB]:      9185427    8970.144     8.760

Dynamically allocated memory at  amaxrestraints [B,KiB,MiB]:      9747507    9519.050     9.296

Dynamically allocated memory at  amaxrestraints [B,KiB,MiB]:     10871667   10616.862    10.368

Dynamically allocated memory at  amaxrestraints [B,KiB,MiB]:     13119987   12812.487    12.512

Dynamically allocated memory at  amaxrestraints [B,KiB,MiB]:     17616627   17203.738    16.801

Dynamically allocated memory at  amaxrestraints [B,KiB,MiB]:     26609907   25986.238    25.377


>> ENERGY; Differences between the model's features and restraints:
Number of all residues in MODEL                   :      724
Number of all, selected real atoms                :     5855    5855
Number of all, selected pseudo atoms              :        0       0
Number of all static, selected restraints         :        0       0
COVALENT_CYS                                      :        F
NONBONDED_SEL_ATOMS                               :        1
Number of non-bonded pairs (excluding 1-2,1-3,1-4):  1268229
Dynamic pairs routine                             : 1, NATM x NATM double loop
Atomic shift for contacts update (UPDATE_DYNAMIC) :    0.390
LENNARD_JONES_SWITCH                              :    6.500   7.500
COULOMB_JONES_SWITCH                              :    6.500   7.500
RESIDUE_SPAN_RANGE                                :        1    9999
NLOGN_USE                                         :       15
CONTACT_SHELL                                     :   15.000
DYNAMIC_PAIRS,_SPHERE,_COULOMB,_LENNARD,_MODELLER :        T       F       F       F       T
SPHERE_STDV                                       :    0.050
RADII_FACTOR                                      :    0.820
Current energy                                    :      -98691.2578





Summary of the restraint violations: 

   NUM     ... number of restraints.
   NUMVI   ... number of restraints with RVIOL > VIOL_REPORT_CUT[i].
   RVIOL   ... relative difference from the best value.
   NUMVP   ... number of restraints with -Ln(pdf) > VIOL_REPORT_CUT2[i].
   RMS_1   ... RMS(feature, minimally_violated_basis_restraint, NUMB).
   RMS_2   ... RMS(feature, best_value, NUMB).
   MOL.PDF ... scaled contribution to -Ln(Molecular pdf).

 #                     RESTRAINT_GROUP      NUM   NUMVI  NUMVP   RMS_1   RMS_2         MOL.PDF     S_i
------------------------------------------------------------------------------------------------------
 1 Bond length potential              :       0       0      0   0.000   0.000      0.0000       0.000
 2 Bond angle potential               :       0       0      0   0.000   0.000      0.0000       0.000
 3 Stereochemical cosine torsion poten:       0       0      0   0.000   0.000      0.0000       0.000
 4 Stereochemical improper torsion pot:       0       0      0   0.000   0.000      0.0000       0.000
 5 Soft-sphere overlap restraints     :       0       0      0   0.000   0.000      0.0000       0.000
 6 Lennard-Jones 6-12 potential       :       0       0      0   0.000   0.000      0.0000       0.000
 7 Coulomb point-point electrostatic p:       0       0      0   0.000   0.000      0.0000       0.000
 8 H-bonding potential                :       0       0      0   0.000   0.000      0.0000       0.000
 9 Distance restraints 1 (CA-CA)      :       0       0      0   0.000   0.000      0.0000       0.000
10 Distance restraints 2 (N-O)        :       0       0      0   0.000   0.000      0.0000       0.000
11 Mainchain Phi dihedral restraints  :       0       0      0   0.000   0.000      0.0000       0.000
12 Mainchain Psi dihedral restraints  :       0       0      0   0.000   0.000      0.0000       0.000
13 Mainchain Omega dihedral restraints:       0       0      0   0.000   0.000      0.0000       0.000
14 Sidechain Chi_1 dihedral restraints:       0       0      0   0.000   0.000      0.0000       0.000
15 Sidechain Chi_2 dihedral restraints:       0       0      0   0.000   0.000      0.0000       0.000
16 Sidechain Chi_3 dihedral restraints:       0       0      0   0.000   0.000      0.0000       0.000
17 Sidechain Chi_4 dihedral restraints:       0       0      0   0.000   0.000      0.0000       0.000
18 Disulfide distance restraints      :       0       0      0   0.000   0.000      0.0000       0.000
19 Disulfide angle restraints         :       0       0      0   0.000   0.000      0.0000       0.000
20 Disulfide dihedral angle restraints:       0       0      0   0.000   0.000      0.0000       0.000
21 Lower bound distance restraints    :       0       0      0   0.000   0.000      0.0000       0.000
22 Upper bound distance restraints    :       0       0      0   0.000   0.000      0.0000       0.000
23 Distance restraints 3 (SDCH-MNCH)  :       0       0      0   0.000   0.000      0.0000       0.000
24 Sidechain Chi_5 dihedral restraints:       0       0      0   0.000   0.000      0.0000       0.000
25 Phi/Psi pair of dihedral restraints:       0       0      0   0.000   0.000      0.0000       0.000
26 Distance restraints 4 (SDCH-SDCH)  :       0       0      0   0.000   0.000      0.0000       0.000
27 Distance restraints 5 (X-Y)        :       0       0      0   0.000   0.000      0.0000       0.000
28 NMR distance restraints 6 (X-Y)    :       0       0      0   0.000   0.000      0.0000       0.000
29 NMR distance restraints 7 (X-Y)    :       0       0      0   0.000   0.000      0.0000       0.000
30 Minimal distance restraints        :       0       0      0   0.000   0.000      0.0000       0.000
31 Non-bonded restraints              : 1267997       0    564   6.789   6.789     -98691.       1.000
32 Atomic accessibility restraints    :       0       0      0   0.000   0.000      0.0000       0.000
33 Atomic density restraints          :       0       0      0   0.000   0.000      0.0000       0.000
34 Absolute position restraints       :       0       0      0   0.000   0.000      0.0000       0.000
35 Dihedral angle difference restraint:       0       0      0   0.000   0.000      0.0000       0.000
36 GBSA implicit solvent potential    :       0       0      0   0.000   0.000      0.0000       0.000
37 EM density fitting potential       :       0       0      0   0.000   0.000      0.0000       0.000
38 SAXS restraints                    :       0       0      0   0.000   0.000      0.0000       0.000
39 Symmetry restraints                :       0       0      0   0.000   0.000      0.0000       0.000
do_prof_492W> Are you sure you want to calculate a normalized energy profile!



openf___224_> Open           3P5R.profile
# Energy of each residue is written to: 3P5R.profile
# The profile IS normalized by the number of restraints.
# The profiles are smoothed over a window of residues:   13
# The sum of all numbers in the file:     -28.1899

<< end of ENERGY.
DOPE score               : -98691.257812
