
          -------------------------------------------------------
          Amber 22 SANDER                              2022
          -------------------------------------------------------

| Run on 05/17/2023 at 15:20:46

|   Executable path: sander
| Working directory: /Users/livtoft/Desktop/SURE
|          Hostname: Unknown
  [-O]verwriting output

File Assignments:
|  MDIN: min.in                                                                
| MDOUT: 3p5r_FGP_min.out                                                      
|INPCRD: 3p5r_FGP.rst7                                                         
|  PARM: 3p5r_FGP.prmtop                                                       
|RESTRT: 3p5r_FGP_min.ncrst                                                    
|  REFC: refc                                                                  
| MDVEL: mdvel                                                                 
| MDFRC: mdfrc                                                                 
|  MDEN: mden                                                                  
| MDCRD: mdcrd                                                                 
|MDINFO: mdinfo                                                                
|  MTMD: mtmd                                                                  
|INPDIP: inpdip                                                                
|RSTDIP: rstdip                                                                
|INPTRA: inptraj                                                               


 Here is the input file:

Initial minimisation of sustiva-RT complex                                     
 &cntrl                                                                        
  imin=1, maxcyc=200, ncyc=50,                                                 
  cut=16, ntb=0, igb=1,                                                        
 &end                                                                          

--------------------------------------------------------------------------------
   1.  RESOURCE   USE: 
--------------------------------------------------------------------------------

| Flags:                                                                        
| New format PARM file being parsed.
| Version =    1.000 Date = 05/17/23 Time = 13:48:36
 NATOM  =   12654 NTYPES =      18 NBONH =    6259 MBONA  =    6542
 NTHETH =   14217 MTHETA =    8867 NPHIH =   28032 MPHIA  =   21951
 NHPARM =       0 NPARM  =       0 NNB   =   69858 NRES   =     791
 NBONA  =    6542 NTHETA =    8867 NPHIA =   21951 NUMBND =      57
 NUMANG =     122 NPTRA  =      54 NATYP =      41 NPHB   =       0
 IFBOX  =       0 NMXRS  =      65 IFCAP =       0 NEXTRA =       0
 NCOPY  =       0

 Implicit solvent radii are modified Bondi radii (mbondi)                                                   

|     Memory Use     Allocated
|     Real             1779119
|     Hollerith          38755
|     Integer           694423
|     Max Pairs              1
|     nblistReal             0
|     nblist Int             0
|       Total            16763 kbytes

| Note: 1-4 EEL scale factors are being read from the topology file.

| Note: 1-4 VDW scale factors are being read from the topology file.
| Duplicated    0 dihedrals
| Duplicated    0 dihedrals

--------------------------------------------------------------------------------
   2.  CONTROL  DATA  FOR  THE  RUN
--------------------------------------------------------------------------------

default_name                                                                    

General flags:
     imin    =       1, nmropt  =       0

Nature and format of input:
     ntx     =       1, irest   =       0, ntrx    =       1

Nature and format of output:
     ntxo    =       2, ntpr    =      50, ntrx    =       1, ntwr    =       1
     iwrap   =       0, ntwx    =       0, ntwv    =       0, ntwe    =       0
     ioutfm  =       1, ntwprt  =       0, idecomp =       0, rbornstat=      0

Potential function:
     ntf     =       1, ntb     =       0, igb     =       1, nsnb    =      25
     ipol    =       0, gbsa    =       0, iesp    =       0
     dielc   =   1.00000, cut     =  16.00000, intdiel =   1.00000
     saltcon =   0.00000, offset  =   0.09000, gbalpha=    1.00000
     gbbeta  =   0.00000, gbgamma =   0.00000, surften =   0.00500
     rdt     =   0.00000, rgbmax  =  25.00000  extdiel =  78.50000
     alpb  =        0

Frozen or restrained atoms:
     ibelly  =       0, ntr     =       0

Energy minimization:
     maxcyc  =     200, ncyc    =      50, ntmin   =       1
     dx0     =   0.01000, drms    =   0.00010
|  INFO: Old style inpcrd file read


--------------------------------------------------------------------------------
   3.  ATOMIC COORDINATES AND VELOCITIES
--------------------------------------------------------------------------------

default_name                                                                    
 begin time read from input coords =     0.000 ps

 Number of triangulated 3-point waters found:        0

--------------------------------------------------------------------------------
   4.  RESULTS
--------------------------------------------------------------------------------



   NSTEP       ENERGY          RMS            GMAX         NAME    NUMBER
      1      -2.4753E+04     1.3576E+01     5.9927E+02     N        1524

 BOND    =      343.4858  ANGLE   =     1531.2986  DIHED      =     7663.8555
 VDWAALS =    -4130.5242  EEL     =   -55103.4075  EGB        =   -11817.9833
 1-4 VDW =     3893.6084  1-4 EEL =    32866.2584  RESTRAINT  =        0.0000


   NSTEP       ENERGY          RMS            GMAX         NAME    NUMBER
     50      -2.9485E+04     1.1792E+00     3.1878E+01     C        2022

 BOND    =      343.2911  ANGLE   =     1431.4942  DIHED      =     7688.5482
 VDWAALS =    -6773.5690  EEL     =   -55644.6874  EGB        =   -11421.9497
 1-4 VDW =     3087.3983  1-4 EEL =    31804.5178  RESTRAINT  =        0.0000


   NSTEP       ENERGY          RMS            GMAX         NAME    NUMBER
    100      -3.0769E+04     9.1366E-01     4.5971E+01     C       12584

 BOND    =      451.4151  ANGLE   =     1600.1360  DIHED      =     7654.5671
 VDWAALS =    -7361.0614  EEL     =   -55729.0509  EGB        =   -11468.5645
 1-4 VDW =     2733.7424  1-4 EEL =    31350.2344  RESTRAINT  =        0.0000


   NSTEP       ENERGY          RMS            GMAX         NAME    NUMBER
    150      -3.0952E+04     1.0518E+00     6.8357E+01     C       12584

 BOND    =      469.8862  ANGLE   =     1612.7735  DIHED      =     7633.6786
 VDWAALS =    -7368.1864  EEL     =   -56138.1072  EGB        =   -11122.9809
 1-4 VDW =     2687.5109  1-4 EEL =    31273.4563  RESTRAINT  =        0.0000


   NSTEP       ENERGY          RMS            GMAX         NAME    NUMBER
    200      -3.1072E+04     4.7729E-01     1.7769E+01     O08     12606

 BOND    =      456.8886  ANGLE   =     1614.1947  DIHED      =     7613.4667
 VDWAALS =    -7392.6194  EEL     =   -56021.1019  EGB        =   -11265.8727
 1-4 VDW =     2684.4335  1-4 EEL =    31238.9143  RESTRAINT  =        0.0000


  Maximum number of minimization cycles reached.


                    FINAL RESULTS



   NSTEP       ENERGY          RMS            GMAX         NAME    NUMBER
    200      -3.1072E+04     4.7729E-01     1.7769E+01     O08     12606

 BOND    =      456.8886  ANGLE   =     1614.1947  DIHED      =     7613.4667
 VDWAALS =    -7392.6194  EEL     =   -56021.1019  EGB        =   -11265.8727
 1-4 VDW =     2684.4335  1-4 EEL =    31238.9143  RESTRAINT  =        0.0000

--------------------------------------------------------------------------------
   5.  TIMINGS
--------------------------------------------------------------------------------

|                Calc gb radii             52.88 (27.32% of Gen B)
|                Calc gb diag             106.06 (54.80% of Gen B)
|                Calc gb off-diag          34.59 (17.87% of Gen B)
|             Gen Born time            193.53 (100.0% of Nonbo)
|          Nonbond force            193.53 (99.57% of Force)
|          Bond/Angle/Dihedral        0.83 ( 0.42% of Force)
|       Force time               194.36 (100.0% of Runmd)
|    Runmd Time               194.36 (99.89% of Total)
|    Other                      0.21 ( 0.11% of Total)
| Total time               194.58 (100.0% of ALL  )

| Number of list builds   :          0

| Highest rstack allocated:          0
| Highest istack allocated:          0
|           Job began  at 15:20:46.687  on 05/17/2023
|           Setup done at 15:20:46.794  on 05/17/2023
|           Run   done at 15:24:01.263  on 05/17/2023
|     wallclock() was called    3628 times

|3D-RISM memory allocation summary
|Type          Maximum        Current   
|Integer       0.00000 GB     0.00000 GB
|Real          0.00000 GB     0.00000 GB
|Logical       0.00000 GB     0.00000 GB
|Character     0.00000 GB     0.00000 GB
|---------------------------------------
|Total         0.00000 GB     0.00000 GB
