
CPPTRAJ: Trajectory Analysis. V6.18.1 (AmberTools)
    ___  ___  ___  ___
     | \/ | \/ | \/ | 
    _|_/\_|_/\_|_/\_|_

| Date/time: 05/17/23 16:31:47
| Available memory: 200.551 MB

	Reading '3p5r_FGP.prmtop' as Amber Topology
	Radius Set: modified Bondi radii (mbondi)
INPUT: Reading input from 'pdb.in'
  [trajin 3p5r_FGP.inpcrd]
	Reading '3p5r_FGP.inpcrd' as Amber Restart
  [trajout 3p5r_FGP_wions_water.pdb PDB]
	Writing '3p5r_FGP_wions_water.pdb' as PDB
  [run]
---------- RUN BEGIN -------------------------------------------------

PARAMETER FILES (1 total):
 0: 3p5r_FGP.prmtop, 127666 atoms, 39309 res, box: Truncated octahedron, 38523 mol, 38247 solvent

INPUT TRAJECTORIES (1 total):
 0: '3p5r_FGP.inpcrd' is an AMBER restart file, no velocities, Parm 3p5r_FGP.prmtop (Truncated octahedron box) (reading 1 of 1)
  Coordinate processing will occur on 1 frames.

OUTPUT TRAJECTORIES (1 total):
  '3p5r_FGP_wions_water.pdb' (1 frames) is a PDB file

BEGIN TRAJECTORY PROCESSING:
Warning: No PDB space group specified.
.....................................................
ACTIVE OUTPUT TRAJECTORIES (1):
  3p5r_FGP_wions_water.pdb (coordinates, box)
----- 3p5r_FGP.inpcrd (1-1, 1) -----
100% Complete.

Read 1 frames and processed 1 frames.
TIME: Avg. throughput= 7.0742 frames / second.

ACTION OUTPUT:
TIME: Analyses took 0.0000 seconds.

RUN TIMING:
TIME:		Init               : 0.0000 s (  0.01%)
TIME:		Trajectory Process : 0.1414 s ( 99.84%)
TIME:		Action Post        : 0.0000 s (  0.00%)
TIME:		Analysis           : 0.0000 s (  0.00%)
TIME:		Data File Write    : 0.0000 s (  0.00%)
TIME:		Other              : 0.0002 s (  0.00%)
TIME:	Run Total 0.1416 s
---------- RUN END ---------------------------------------------------
TIME: Total execution time: 0.2377 seconds.
--------------------------------------------------------------------------------
To cite CPPTRAJ use:
Daniel R. Roe and Thomas E. Cheatham, III, "PTRAJ and CPPTRAJ: Software for
  Processing and Analysis of Molecular Dynamics Trajectory Data". J. Chem.
  Theory Comput., 2013, 9 (7), pp 3084-3095.

