            --------------------------------------------------------
                             AMBER SQM VERSION 19
 
                                     By
              Ross C. Walker, Michael F. Crowley, Scott Brozell,
                         Tim Giese, Andreas W. Goetz,
                        Tai-Sung Lee and David A. Case
 
            --------------------------------------------------------
 

--------------------------------------------------------------------------------
  QM CALCULATION INFO
--------------------------------------------------------------------------------

| QMMM: Citation for AMBER QMMM Run:
| QMMM: R.C. Walker, M.F. Crowley and D.A. Case, J. COMP. CHEM. 29:1019, 2008

QMMM: SINGLET STATE CALCULATION
QMMM: RHF CALCULATION, NO. OF DOUBLY OCCUPIED LEVELS = 87

| QMMM: *** Selected Hamiltonian *** 
| QMMM: AM1         

| QMMM: *** Parameter sets in use ***
| QMMM: C : M.J.S.DEWAR et al. JACS, 107, 3902, (1985)
| QMMM: F : M.J.S.DEWAR et al. THEOCHEM, 180, 1, (1988)
| QMMM: O : M.J.S.DEWAR et al. JACS, 107, 3902, (1985)
| QMMM: P : M.J.S.DEWAR et al. THEOCHEM, 187,1, (1989)
| QMMM: H : M.J.S.DEWAR et al. JACS, 107, 3902, (1985)

| QMMM: *** SCF convergence criteria ***
| QMMM: Energy change                :  0.1D-09 kcal/mol
| QMMM: Error matrix |FP-PF|         :  0.1D+00 au
| QMMM: Density matrix change        :  0.5D-06
| QMMM: Maximum number of SCF cycles :     1000

| QMMM: *** Diagonalization Routine Information ***
| QMMM: Pseudo diagonalizations are allowed.
| QMMM: Auto diagonalization routine selection is in use.
| QMMM:
| QMMM: Timing diagonalization routines:
| QMMM:                              norbs =      155
| QMMM:    diag iterations used for timing =        5
| QMMM:
| QMMM:              Internal diag routine = 0.026902 seconds
| QMMM:                 Dspev diag routine = 0.016326 seconds
| QMMM:                Dspevd diag routine = 0.007626 seconds
| QMMM:                Dspevx diag routine = 0.062801 seconds
| QMMM:                 Dsyev diag routine = 0.016141 seconds
| QMMM:                Dsyevd diag routine = 0.006267 seconds
| QMMM:                Dsyevr diag routine = 0.010494 seconds
| QMMM:
| QMMM:                Pseudo diag routine = 0.011835 seconds
| QMMM: Pseudo diagonalization appears to be slower than regular
| QMMM: diagonalization. Setting pseudo_diag=0 for optimum performance.
| QMMM:
| QMMM: Using dsyevd routine (diag_routine=6).

  QMMM: QM Region Cartesian Coordinates (*=link atom) 
  QMMM: QM_NO.   MM_NO.  ATOM         X         Y         Z
  QMMM:     1        1      C       12.1220   24.5770   -8.9270
  QMMM:     2        2      F       14.1900   24.0830  -10.0770
  QMMM:     3        3      O       11.4360   24.3880  -10.1350
  QMMM:     4        4      C       13.4420   23.8830   -9.0120
  QMMM:     5        5      P       10.1690   23.4010  -10.1180
  QMMM:     6        6      C       13.8610   23.0690   -8.0310
  QMMM:     7        7      O       10.4280   22.3910   -8.8850
  QMMM:     8        8      C       15.1880   22.3950   -8.1650
  QMMM:     9        9      P        9.4520   21.1810   -8.4600
  QMMM:    10       10      C       15.5060   21.5470   -6.9360
  QMMM:    11       11      O       10.0470   20.4890   -7.2950
  QMMM:    12       12      C       16.3390   22.2830   -5.9180
  QMMM:    13       13      O        8.9140   24.1560   -9.9170
  QMMM:    14       14      C       17.5230   22.8380   -6.2150
  QMMM:    15       15      O       10.1360   22.7110  -11.4320
  QMMM:    16       16      C       18.3110   23.5430   -5.1600
  QMMM:    17       17      O        8.1370   21.7010   -8.0470
  QMMM:    18       18      C       18.9270   24.8060   -5.7440
  QMMM:    19       19      O        9.2990   20.2660   -9.6230
  QMMM:    20       20      C       17.8750   25.8700   -5.7500
  QMMM:    21       21      C       18.1590   27.1270   -6.1100
  QMMM:    22       22      C       17.0750   28.1640   -6.1080
  QMMM:    23       23      C       17.1610   29.0310   -7.3630
  QMMM:    24       24      C       17.1590   28.1620   -8.5830
  QMMM:    25       25      C       16.0130   27.6540   -9.0540
  QMMM:    26       26      C       13.0150   22.8230   -6.8190
  QMMM:    27       27      C       18.0830   22.7610   -7.6000
  QMMM:    28       28      C       19.5510   27.4930   -6.5190
  QMMM:    29       29      C       16.0450   26.7840  -10.2740
  QMMM:    30       30      C       14.7090   27.9530   -8.3750
  QMMM:    31       31      H       11.5510   24.1670   -8.1210
  QMMM:    32       32      H       12.2700   25.6220   -8.7520
  QMMM:    33       33      H       15.9470   23.1400   -8.2800
  QMMM:    34       34      H       15.1560   21.7520   -9.0200
  QMMM:    35       35      H       16.0420   20.6760   -7.2510
  QMMM:    36       36      H       14.5770   21.2940   -6.4700
  QMMM:    37       37      H       10.9170   20.1350   -7.5390
  QMMM:    38       38      H       15.9830   22.3630   -4.9530
  QMMM:    39       39      H        8.7750   24.7570  -10.6660
  QMMM:    40       40      H       19.0880   22.8990   -4.8050
  QMMM:    41       41      H       17.6650   23.8040   -4.3480
  QMMM:    42       42      H        7.7220   22.1610   -8.7930
  QMMM:    43       43      H       19.7560   25.1180   -5.1430
  QMMM:    44       44      H       19.2790   24.6240   -6.7380
  QMMM:    45       45      H       16.9110   25.6300   -5.4710
  QMMM:    46       46      H       16.1220   27.6770   -6.0810
  QMMM:    47       47      H       17.1950   28.7880   -5.2470
  QMMM:    48       48      H       16.3200   29.6920   -7.3960
  QMMM:    49       49      H       18.0670   29.6000   -7.3370
  QMMM:    50       50      H       18.0480   27.9530   -9.0640
  QMMM:    51       51      H       12.1080   23.3850   -6.8970
  QMMM:    52       52      H       13.5490   23.1270   -5.9430
  QMMM:    53       53      H       12.7840   21.7810   -6.7510
  QMMM:    54       54      H       17.4030   22.2280   -8.2310
  QMMM:    55       55      H       19.0230   22.2500   -7.5770
  QMMM:    56       56      H       18.2240   23.7500   -7.9830
  QMMM:    57       57      H       19.5870   28.5320   -6.7710
  QMMM:    58       58      H       19.8380   26.9100   -7.3690
  QMMM:    59       59      H       20.2230   27.2980   -5.7100
  QMMM:    60       60      H       17.0540   26.6850  -10.6150
  QMMM:    61       61      H       15.4500   27.2280  -11.0450
  QMMM:    62       62      H       15.6530   25.8180  -10.0330
  QMMM:    63       63      H       13.9150   27.4610   -8.8960
  QMMM:    64       64      H       14.5380   29.0090   -8.3800
  QMMM:    65       65      H       14.7440   27.6020   -7.3650

--------------------------------------------------------------------------------
  RESULTS
--------------------------------------------------------------------------------

      iter         sqm energy              rms gradient
      ----    -------------------    -----------------------
xmin    10     -552.2693 kcal/mol        1.1078 kcal/(mol*A)
xmin    20     -556.5333 kcal/mol        0.4809 kcal/(mol*A)
xmin    30     -557.6659 kcal/mol        0.6767 kcal/(mol*A)
xmin    40     -558.0833 kcal/mol        0.2256 kcal/(mol*A)
xmin    50     -558.2215 kcal/mol        0.1318 kcal/(mol*A)
xmin    60     -558.3739 kcal/mol        0.1214 kcal/(mol*A)
xmin    70     -558.5369 kcal/mol        0.0913 kcal/(mol*A)
xmin    80     -558.7671 kcal/mol        0.2891 kcal/(mol*A)
xmin    90     -559.4833 kcal/mol        0.2322 kcal/(mol*A)
xmin   100     -559.9807 kcal/mol        0.2655 kcal/(mol*A)
xmin   110     -560.1328 kcal/mol        0.1899 kcal/(mol*A)
xmin   120     -560.7567 kcal/mol        0.4614 kcal/(mol*A)
xmin   130     -560.8601 kcal/mol        0.1608 kcal/(mol*A)
xmin   140     -561.0630 kcal/mol        0.0803 kcal/(mol*A)
xmin   150     -561.1316 kcal/mol        0.0655 kcal/(mol*A)
xmin   160     -561.2065 kcal/mol        0.1334 kcal/(mol*A)
xmin   170     -561.2694 kcal/mol        0.0907 kcal/(mol*A)
xmin   180     -561.3946 kcal/mol        0.2142 kcal/(mol*A)
xmin   190     -561.4872 kcal/mol        0.2027 kcal/(mol*A)
xmin   200     -561.5501 kcal/mol        0.0535 kcal/(mol*A)
xmin   210     -561.5817 kcal/mol        0.0325 kcal/(mol*A)
xmin   220     -561.6283 kcal/mol        0.0699 kcal/(mol*A)
xmin   230     -561.6737 kcal/mol        0.1859 kcal/(mol*A)
xmin   240     -561.7074 kcal/mol        0.1618 kcal/(mol*A)
xmin   250     -561.7496 kcal/mol        0.2221 kcal/(mol*A)
xmin   260     -561.8078 kcal/mol        0.0619 kcal/(mol*A)
xmin   270     -561.8567 kcal/mol        0.1246 kcal/(mol*A)
xmin   280     -561.9169 kcal/mol        0.1343 kcal/(mol*A)
xmin   290     -561.9320 kcal/mol        0.0419 kcal/(mol*A)
xmin   300     -561.9468 kcal/mol        0.0231 kcal/(mol*A)
xmin   310     -561.9524 kcal/mol        0.0155 kcal/(mol*A)
xmin   320     -561.9539 kcal/mol        0.0103 kcal/(mol*A)
xmin   330     -561.9551 kcal/mol        0.0175 kcal/(mol*A)
xmin   340     -561.9556 kcal/mol        0.0102 kcal/(mol*A)
xmin   350     -561.9559 kcal/mol        0.0061 kcal/(mol*A)
xmin   360     -561.9560 kcal/mol        0.0038 kcal/(mol*A)
xmin   370     -561.9560 kcal/mol        0.0019 kcal/(mol*A)
xmin   380     -561.9561 kcal/mol        0.0023 kcal/(mol*A)
xmin   390     -561.9562 kcal/mol        0.0016 kcal/(mol*A)
xmin   400     -561.9562 kcal/mol        0.0006 kcal/(mol*A)
  ... geometry converged !
 
 Final MO eigenvalues (eV):
 -49.9296  -39.4501  -39.0851  -38.3488  -38.2801  -37.7251  -37.4098  -37.1415
 -36.8039  -36.3587  -34.9108  -34.8838  -34.0142  -32.5095  -30.9209  -29.7508
 -28.4216  -28.2210  -27.7916  -27.5649  -26.1393  -24.6678  -23.4096  -22.9543
 -21.9443  -21.1127  -20.5379  -20.0053  -19.8936  -19.4232  -19.0650  -18.9794
 -18.8679  -17.7577  -17.6835  -16.9725  -16.6532  -16.6066  -16.5713  -16.4374
 -16.0876  -16.0353  -15.8642  -15.6906  -15.5493  -15.4149  -15.1829  -15.0459
 -14.9908  -14.8658  -14.7466  -14.6035  -14.4857  -14.4148  -14.3949  -14.1964
 -14.1634  -13.9255  -13.8560  -13.7625  -13.7247  -13.5493  -13.4637  -13.3483
 -13.2236  -13.1474  -13.0712  -13.0223  -12.9539  -12.6678  -12.5625  -12.4930
 -12.4458  -12.3686  -12.2252  -12.0923  -12.0120  -11.9674  -11.9107  -11.8058
 -11.6419  -11.5347  -11.4391   -9.9339   -9.5474   -9.5008   -9.4028    0.0986
   0.1741    0.9132    0.9789    1.0588    1.4235    2.4067    2.7063    3.0272
   3.2672    3.4082    3.4287    3.4637    3.4875    3.5252    3.5896    3.6061
   3.8191    3.8240    3.8859    3.9078    3.9327    3.9722    4.0489    4.0627
   4.1451    4.1729    4.1983    4.2108    4.2137    4.2279    4.2860    4.3228
   4.3484    4.4206    4.4271    4.4376    4.4742    4.5079    4.5526    4.5731
   4.5931    4.6187    4.6594    4.6873    4.7267    4.7600    4.7821    4.7912
   4.8338    4.8888    4.9202    4.9926    5.0344    5.0541    5.0639    5.1691
   5.4947    5.5808    5.6154    5.7964    5.8330    5.8454    5.8843    6.0132
   6.1400    7.0339    7.1630

 Heat of formation   =       -561.95616613 kcal/mol  (      -24.36824796 eV)

 Total SCF energy    =    -139199.76085799 kcal/mol  (    -6036.15458384 eV)
 Electronic energy   =   -1144962.97464796 kcal/mol  (   -49649.32026573 eV)
 Core-core repulsion =    1005763.21378997 kcal/mol  (    43613.16568189 eV)
 
    Atomic Charges for Step       1 :
  Atom    Element       Mulliken Charge
     1      C                  0.063
     2      F                 -0.117
     3      O                 -0.741
     4      C                 -0.006
     5      P                  2.786
     6      C                 -0.122
     7      O                 -1.282
     8      C                 -0.126
     9      P                  2.784
    10      C                 -0.124
    11      O                 -0.849
    12      C                 -0.177
    13      O                 -0.843
    14      C                 -0.098
    15      O                 -1.088
    16      C                 -0.126
    17      O                 -0.794
    18      C                 -0.124
    19      O                 -1.072
    20      C                 -0.169
    21      C                 -0.113
    22      C                 -0.121
    23      C                 -0.124
    24      C                 -0.173
    25      C                 -0.119
    26      C                 -0.187
    27      C                 -0.183
    28      C                 -0.181
    29      C                 -0.180
    30      C                 -0.182
    31      H                  0.109
    32      H                  0.117
    33      H                  0.098
    34      H                  0.096
    35      H                  0.089
    36      H                  0.093
    37      H                  0.298
    38      H                  0.118
    39      H                  0.292
    40      H                  0.087
    41      H                  0.085
    42      H                  0.290
    43      H                  0.087
    44      H                  0.092
    45      H                  0.121
    46      H                  0.082
    47      H                  0.086
    48      H                  0.084
    49      H                  0.092
    50      H                  0.125
    51      H                  0.102
    52      H                  0.097
    53      H                  0.077
    54      H                  0.082
    55      H                  0.085
    56      H                  0.080
    57      H                  0.080
    58      H                  0.081
    59      H                  0.082
    60      H                  0.074
    61      H                  0.084
    62      H                  0.081
    63      H                  0.080
    64      H                  0.081
    65      H                  0.081
 Total Mulliken Charge =      -0.000
 
                  X        Y        Z     TOTAL  
  QM DIPOLE     5.990    5.809    3.703    9.129
 
 Final Structure

  QMMM: QM Region Cartesian Coordinates (*=link atom) 
  QMMM: QM_NO.   MM_NO.  ATOM         X         Y         Z
  QMMM:     1        1      C       11.1996   24.0557   -9.0657
  QMMM:     2        2      F       12.5009   22.2766  -10.0823
  QMMM:     3        3      O       10.1451   23.2866   -9.5871
  QMMM:     4        4      C       12.5393   23.4427   -9.3878
  QMMM:     5        5      P        9.0906   22.5451   -8.6491
  QMMM:     6        6      C       13.7163   24.0108   -9.0255
  QMMM:     7        7      O        9.8749   21.1982   -8.2934
  QMMM:     8        8      C       15.0222   23.3771   -9.3643
  QMMM:     9        9      P       10.6044   19.7923   -7.9612
  QMMM:    10       10      C       15.3795   22.2272   -8.4335
  QMMM:    11       11      O       12.1125   20.2841   -8.0025
  QMMM:    12       12      C       15.7846   22.6951   -7.0880
  QMMM:    13       13      O        9.1840   23.3335   -7.2679
  QMMM:    14       14      C       17.0178   22.5940   -6.5684
  QMMM:    15       15      O        7.7227   22.4348   -9.0953
  QMMM:    16       16      C       17.3076   23.0712   -5.1839
  QMMM:    17       17      O       10.4375   19.7305   -6.3901
  QMMM:    18       18      C       18.0470   24.3981   -5.1688
  QMMM:    19       19      O       10.2276   18.6836   -8.8007
  QMMM:    20       20      C       17.1848   25.5398   -5.5518
  QMMM:    21       21      C       17.5522   26.8257   -5.4328
  QMMM:    22       22      C       16.6340   27.9348   -5.8198
  QMMM:    23       23      C       16.9987   28.5622   -7.1542
  QMMM:    24       24      C       16.6574   27.6995   -8.3086
  QMMM:    25       25      C       16.6463   28.1299   -9.5804
  QMMM:    26       26      C       13.7892   25.2982   -8.3000
  QMMM:    27       27      C       18.1629   22.0003   -7.3010
  QMMM:    28       28      C       18.8722   27.2253   -4.8888
  QMMM:    29       29      C       16.3067   27.2280  -10.7070
  QMMM:    30       30      C       16.9657   29.5310   -9.9459
  QMMM:    31       31      H       11.0894   24.1677   -7.9519
  QMMM:    32       32      H       11.1387   25.0667   -9.5644
  QMMM:    33       33      H       15.8361   24.1504   -9.3329
  QMMM:    34       34      H       14.9724   22.9790  -10.4150
  QMMM:    35       35      H       16.2015   21.6286   -8.9108
  QMMM:    36       36      H       14.4882   21.5466   -8.3306
  QMMM:    37       37      H       12.5182   20.5264   -8.8318
  QMMM:    38       38      H       14.9710   23.1497   -6.4968
  QMMM:    39       39      H        8.3690   23.4850   -6.7954
  QMMM:    40       40      H       17.9379   22.3014   -4.6610
  QMMM:    41       41      H       16.3546   23.1723   -4.5990
  QMMM:    42       42      H       11.0355   20.2608   -5.8666
  QMMM:    43       43      H       18.4587   24.5708   -4.1362
  QMMM:    44       44      H       18.9276   24.3447   -5.8672
  QMMM:    45       45      H       16.1956   25.2742   -5.9623
  QMMM:    46       46      H       15.5752   27.5634   -5.8641
  QMMM:    47       47      H       16.6752   28.7297   -5.0262
  QMMM:    48       48      H       16.4614   29.5462   -7.2490
  QMMM:    49       49      H       18.1006   28.7889   -7.1749
  QMMM:    50       50      H       16.4164   26.6495   -8.0673
  QMMM:    51       51      H       14.2114   26.0869   -8.9769
  QMMM:    52       52      H       14.4761   25.1993   -7.4197
  QMMM:    53       53      H       12.7936   25.6450   -7.9321
  QMMM:    54       54      H       18.2610   22.4528   -8.3193
  QMMM:    55       55      H       18.0149   20.8975   -7.4210
  QMMM:    56       56      H       19.1232   22.1664   -6.7532
  QMMM:    57       57      H       19.1060   28.2904   -5.1335
  QMMM:    58       58      H       19.6852   26.5801   -5.3072
  QMMM:    59       59      H       18.8773   27.1098   -3.7752
  QMMM:    60       60      H       16.0673   26.1947  -10.3525
  QMMM:    61       61      H       17.1662   27.1649  -11.4207
  QMMM:    62       62      H       15.4209   27.6252  -11.2631
  QMMM:    63       63      H       17.0728   29.6479  -11.0518
  QMMM:    64       64      H       17.9208   29.8549   -9.4610
  QMMM:    65       65      H       16.1522   30.2161   -9.5961

           --------- Calculation Completed ----------

