
          -------------------------------------------------------
          Amber 22 SANDER                              2022
          -------------------------------------------------------

| Run on 06/06/2023 at 16:11:55

|   Executable path: sander
| Working directory: /Users/livtoft/Desktop/SURE/ligand_modeling
|          Hostname: Unknown
  [-O]verwriting output

File Assignments:
|  MDIN: min.in                                                                
| MDOUT: ligand_min.out                                                        
|INPCRD: ligand.rst7                                                           
|  PARM: ligand.prmtop                                                         
|RESTRT: ligand_min.ncrst                                                      
|  REFC: refc                                                                  
| MDVEL: mdvel                                                                 
| MDFRC: mdfrc                                                                 
|  MDEN: mden                                                                  
| MDCRD: mdcrd                                                                 
|MDINFO: mdinfo                                                                
|  MTMD: mtmd                                                                  
|INPDIP: inpdip                                                                
|RSTDIP: rstdip                                                                
|INPTRA: inptraj                                                               


 Here is the input file:

Initial minimisation of sustiva-RT complex                                     
 &cntrl                                                                        
  imin=1, maxcyc=200, ncyc=50,                                                 
  cut=16, ntb=0, igb=1,                                                        
 &end                                                                          

--------------------------------------------------------------------------------
   1.  RESOURCE   USE: 
--------------------------------------------------------------------------------

| Flags:                                                                        
| New format PARM file being parsed.
| Version =    1.000 Date = 06/06/23 Time = 16:07:42
 NATOM  =      53 NTYPES =       4 NBONH =      33 MBONA  =      21
 NTHETH =      75 MTHETA =      30 NPHIH =     145 MPHIA  =      68
 NHPARM =       0 NPARM  =       0 NNB   =     317 NRES   =       1
 NBONA  =      21 NTHETA =      30 NPHIA =      68 NUMBND =       5
 NUMANG =       9 NPTRA  =      12 NATYP =       4 NPHB   =       0
 IFBOX  =       0 NMXRS  =      53 IFCAP =       0 NEXTRA =       0
 NCOPY  =       0

 Implicit solvent radii are modified Bondi radii (mbondi)                                                   

|     Memory Use     Allocated
|     Real              706982
|     Hollerith            162
|     Integer            22942
|     Max Pairs              1
|     nblistReal             0
|     nblist Int             0
|       Total             5613 kbytes

| Note: 1-4 EEL scale factors are being read from the topology file.

| Note: 1-4 VDW scale factors are being read from the topology file.
| Duplicated    0 dihedrals
| Duplicated    0 dihedrals

--------------------------------------------------------------------------------
   2.  CONTROL  DATA  FOR  THE  RUN
--------------------------------------------------------------------------------

VRT                                                                             

General flags:
     imin    =       1, nmropt  =       0

Nature and format of input:
     ntx     =       1, irest   =       0, ntrx    =       1

Nature and format of output:
     ntxo    =       2, ntpr    =      50, ntrx    =       1, ntwr    =       1
     iwrap   =       0, ntwx    =       0, ntwv    =       0, ntwe    =       0
     ioutfm  =       1, ntwprt  =       0, idecomp =       0, rbornstat=      0

Potential function:
     ntf     =       1, ntb     =       0, igb     =       1, nsnb    =      25
     ipol    =       0, gbsa    =       0, iesp    =       0
     dielc   =   1.00000, cut     =  16.00000, intdiel =   1.00000
     saltcon =   0.00000, offset  =   0.09000, gbalpha=    1.00000
     gbbeta  =   0.00000, gbgamma =   0.00000, surften =   0.00500
     rdt     =   0.00000, rgbmax  =  25.00000  extdiel =  78.50000
     alpb  =        0

Frozen or restrained atoms:
     ibelly  =       0, ntr     =       0

Energy minimization:
     maxcyc  =     200, ncyc    =      50, ntmin   =       1
     dx0     =   0.01000, drms    =   0.00010
|  INFO: Old style inpcrd file read


--------------------------------------------------------------------------------
   3.  ATOMIC COORDINATES AND VELOCITIES
--------------------------------------------------------------------------------

VRT                                                                             
 begin time read from input coords =     0.000 ps

 Number of triangulated 3-point waters found:        0

--------------------------------------------------------------------------------
   4.  RESULTS
--------------------------------------------------------------------------------



   NSTEP       ENERGY          RMS            GMAX         NAME    NUMBER
      1       1.4001E+01     7.0526E+00     3.1887E+01     C11        11

 BOND    =        2.5759  ANGLE   =       15.6161  DIHED      =       39.0890
 VDWAALS =        1.5199  EEL     =       65.3944  EGB        =      -41.0938
 1-4 VDW =       11.0486  1-4 EEL =      -80.1495  RESTRAINT  =        0.0000


   NSTEP       ENERGY          RMS            GMAX         NAME    NUMBER
     50       5.6457E+00     5.0828E-01     1.9876E+00     C02         2

 BOND    =        2.9525  ANGLE   =       13.0974  DIHED      =       38.0605
 VDWAALS =       -1.0478  EEL     =       63.5585  EGB        =      -40.9067
 1-4 VDW =        9.0863  1-4 EEL =      -79.1549  RESTRAINT  =        0.0000


   NSTEP       ENERGY          RMS            GMAX         NAME    NUMBER
    100       4.3359E+00     7.0262E-01     2.6906E+00     C02         2

 BOND    =        2.9746  ANGLE   =       13.0816  DIHED      =       37.0608
 VDWAALS =       -1.1402  EEL     =       63.1885  EGB        =      -40.8291
 1-4 VDW =        8.9976  1-4 EEL =      -78.9979  RESTRAINT  =        0.0000


   NSTEP       ENERGY          RMS            GMAX         NAME    NUMBER
    150       3.9487E+00     3.6755E-01     1.2405E+00     C15        15

 BOND    =        2.9774  ANGLE   =       13.4632  DIHED      =       36.6221
 VDWAALS =       -1.2612  EEL     =       62.9611  EGB        =      -40.7965
 1-4 VDW =        8.8566  1-4 EEL =      -78.8740  RESTRAINT  =        0.0000


   NSTEP       ENERGY          RMS            GMAX         NAME    NUMBER
    200       3.5745E+00     2.6052E-01     8.6159E-01     C19        19

 BOND    =        2.9682  ANGLE   =       13.6954  DIHED      =       36.1664
 VDWAALS =       -1.2636  EEL     =       62.7469  EGB        =      -40.7628
 1-4 VDW =        8.7526  1-4 EEL =      -78.7287  RESTRAINT  =        0.0000


  Maximum number of minimization cycles reached.


                    FINAL RESULTS



   NSTEP       ENERGY          RMS            GMAX         NAME    NUMBER
    200       3.5745E+00     2.6052E-01     8.6159E-01     C19        19

 BOND    =        2.9682  ANGLE   =       13.6954  DIHED      =       36.1664
 VDWAALS =       -1.2636  EEL     =       62.7469  EGB        =      -40.7628
 1-4 VDW =        8.7526  1-4 EEL =      -78.7287  RESTRAINT  =        0.0000

--------------------------------------------------------------------------------
   5.  TIMINGS
--------------------------------------------------------------------------------

|    Read coords time           0.00 ( 2.24% of Total)
|    Fast Water setup           0.00 ( 0.02% of Total)
|                Calc gb radii              0.01 (30.00% of Gen B)
|                Calc gb diag               0.01 (42.74% of Gen B)
|                Calc gb off-diag           0.01 (27.10% of Gen B)
|                Other                      0.00 ( 0.15% of Gen B)
|             Gen Born time              0.02 (100.0% of Nonbo)
|             IPS excludes               0.00 ( 0.03% of Nonbo)
|          Nonbond force              0.02 (81.98% of Force)
|          Bond/Angle/Dihedral        0.00 (16.22% of Force)
|          Other                      0.00 ( 1.80% of Force)
|       Force time                 0.03 (100.0% of Runmd)
|    Runmd Time                 0.03 (31.03% of Total)
|    Other                      0.06 (66.71% of Total)
| Total time                 0.08 (99.44% of ALL  )

| Number of list builds   :          0

| Highest rstack allocated:          0
| Highest istack allocated:          0
|           Job began  at 16:11:55.867  on 06/06/2023
|           Setup done at 16:11:55.913  on 06/06/2023
|           Run   done at 16:11:55.951  on 06/06/2023
|     wallclock() was called    3628 times

|3D-RISM memory allocation summary
|Type          Maximum        Current   
|Integer       0.00000 GB     0.00000 GB
|Real          0.00000 GB     0.00000 GB
|Logical       0.00000 GB     0.00000 GB
|Character     0.00000 GB     0.00000 GB
|---------------------------------------
|Total         0.00000 GB     0.00000 GB
