            --------------------------------------------------------
                             AMBER SQM VERSION 19
 
                                     By
              Ross C. Walker, Michael F. Crowley, Scott Brozell,
                         Tim Giese, Andreas W. Goetz,
                        Tai-Sung Lee and David A. Case
 
            --------------------------------------------------------
 

--------------------------------------------------------------------------------
  QM CALCULATION INFO
--------------------------------------------------------------------------------

| QMMM: Citation for AMBER QMMM Run:
| QMMM: R.C. Walker, M.F. Crowley and D.A. Case, J. COMP. CHEM. 29:1019, 2008

QMMM: SINGLET STATE CALCULATION
QMMM: RHF CALCULATION, NO. OF DOUBLY OCCUPIED LEVELS = 56

| QMMM: *** Selected Hamiltonian *** 
| QMMM: AM1         

| QMMM: *** Parameter sets in use ***
| QMMM: C : M.J.S.DEWAR et al. JACS, 107, 3902, (1985)
| QMMM: H : M.J.S.DEWAR et al. JACS, 107, 3902, (1985)

| QMMM: *** SCF convergence criteria ***
| QMMM: Energy change                :  0.1D-09 kcal/mol
| QMMM: Error matrix |FP-PF|         :  0.1D+00 au
| QMMM: Density matrix change        :  0.5D-06
| QMMM: Maximum number of SCF cycles :     1000

| QMMM: *** Diagonalization Routine Information ***
| QMMM: Pseudo diagonalizations are allowed.
| QMMM: Auto diagonalization routine selection is in use.
| QMMM:
| QMMM: Timing diagonalization routines:
| QMMM:                              norbs =      113
| QMMM:    diag iterations used for timing =       10
| QMMM:
| QMMM:              Internal diag routine = 0.021822 seconds
| QMMM:                 Dspev diag routine = 0.015306 seconds
| QMMM:                Dspevd diag routine = 0.007861 seconds
| QMMM:                Dspevx diag routine = 0.057822 seconds
| QMMM:                 Dsyev diag routine = 0.012720 seconds
| QMMM:                Dsyevd diag routine = 0.008872 seconds
| QMMM:                Dsyevr diag routine = 0.011360 seconds
| QMMM:
| QMMM:                Pseudo diag routine = 0.009027 seconds
| QMMM: Pseudo diagonalization appears to be slower than regular
| QMMM: diagonalization. Setting pseudo_diag=0 for optimum performance.
| QMMM:
| QMMM: Using dspevd routine (diag_routine=3).

  QMMM: QM Region Cartesian Coordinates (*=link atom) 
  QMMM: QM_NO.   MM_NO.  ATOM         X         Y         Z
  QMMM:     1        1      C       14.0500   25.8720   -8.5890
  QMMM:     2        2      C       14.4600   24.4500   -8.3190
  QMMM:     3        3      C       14.1690   23.6280   -7.2900
  QMMM:     4        4      C       14.7010   22.1990   -7.3070
  QMMM:     5        5      C       15.7930   21.8540   -6.2750
  QMMM:     6        6      C       16.9380   22.8270   -6.1850
  QMMM:     7        7      C       17.9310   23.0440   -7.0730
  QMMM:     8        8      C       18.9320   24.1690   -6.8400
  QMMM:     9        9      C       18.6240   25.4770   -7.6130
  QMMM:    10       10      C       17.1940   26.0340   -7.3930
  QMMM:    11       11      C       17.0180   26.9010   -6.1290
  QMMM:    12       12      C       15.5400   27.1120   -5.8140
  QMMM:    13       13      C       14.7930   27.7340   -6.9840
  QMMM:    14       14      C       15.0470   27.0600   -8.3520
  QMMM:    15       15      C       16.5880   26.8220   -8.6140
  QMMM:    16       16      C       13.3220   23.9970   -6.1080
  QMMM:    17       17      C       18.1210   22.2620   -8.3410
  QMMM:    18       18      C       17.8010   26.5540   -4.8790
  QMMM:    19       19      C       16.7970   26.1130   -9.9710
  QMMM:    20       20      C       17.3400   28.1620   -8.7180
  QMMM:    21       21      H       15.0560   24.0180   -9.1210
  QMMM:    22       22      H       16.8920   23.4640   -5.3020
  QMMM:    23       23      H       15.0860   21.9570   -8.3070
  QMMM:    24       24      H       14.7950   27.7370   -9.1680
  QMMM:    25       25      H       16.6370   25.1060   -7.2640
  QMMM:    26       26      H       13.8550   21.5140   -7.1600
  QMMM:    27       27      H       16.1790   20.8480   -6.4780
  QMMM:    28       28      H       15.3300   21.7900   -5.2820
  QMMM:    29       29      H       19.9320   23.8190   -7.1280
  QMMM:    30       30      H       19.0120   24.3750   -5.7680
  QMMM:    31       31      H       18.7910   25.2520   -8.6710
  QMMM:    32       32      H       19.3690   26.2380   -7.3530
  QMMM:    33       33      H       15.4330   27.7800   -4.9510
  QMMM:    34       34      H       15.0810   26.1590   -5.5340
  QMMM:    35       35      H       15.0920   28.7880   -7.0560
  QMMM:    36       36      H       13.7200   27.7600   -6.7580
  QMMM:    37       37      H       12.4560   23.3300   -6.0420
  QMMM:    38       38      H       13.8980   23.9050   -5.1820
  QMMM:    39       39      H       12.9440   25.0210   -6.1570
  QMMM:    40       40      H       19.1350   21.8510   -8.3820
  QMMM:    41       41      H       17.4300   21.4200   -8.4280
  QMMM:    42       42      H       17.9740   22.9070   -9.2130
  QMMM:    43       43      H       18.8780   26.5720   -5.0640
  QMMM:    44       44      H       17.6220   27.3040   -4.1000
  QMMM:    45       45      H       17.5140   25.5800   -4.4750
  QMMM:    46       46      H       17.8090   26.2750  -10.3610
  QMMM:    47       47      H       16.6640   25.0330   -9.9070
  QMMM:    48       48      H       16.1070   26.4990  -10.7280
  QMMM:    49       49      H       17.5090   28.5630   -7.7180
  QMMM:    50       50      H       16.7460   28.8680   -9.2970
  QMMM:    51       51      H       18.2980   28.0030   -9.2110
  QMMM:    52       52      H       13.0970   26.0880   -8.0920
  QMMM:    53       53      H       13.7900   25.8940   -9.6580

--------------------------------------------------------------------------------
  RESULTS
--------------------------------------------------------------------------------

      iter         sqm energy              rms gradient
      ----    -------------------    -----------------------
xmin    10      153.8389 kcal/mol        0.1458 kcal/(mol*A)
xmin    20      153.6182 kcal/mol        0.2051 kcal/(mol*A)
xmin    30      153.5661 kcal/mol        0.0770 kcal/(mol*A)
xmin    40      153.5509 kcal/mol        0.0217 kcal/(mol*A)
xmin    50      153.5316 kcal/mol        0.1062 kcal/(mol*A)
xmin    60      153.5230 kcal/mol        0.0083 kcal/(mol*A)
xmin    70      153.5225 kcal/mol        0.0015 kcal/(mol*A)
  ... geometry converged !
 
 Final MO eigenvalues (eV):
 -45.6497  -41.5299  -40.9583  -39.6140  -37.6954  -36.6345  -34.4723  -33.5272
 -32.3281  -31.3592  -31.0309  -30.7703  -28.7311  -28.3310  -25.6973  -25.3760
 -24.7830  -22.3782  -21.9577  -21.5578  -20.6763  -20.5746  -20.0609  -19.4587
 -19.3722  -19.0139  -18.8803  -18.6478  -18.2329  -17.9401  -17.7939  -17.6723
 -17.5541  -17.4581  -17.3004  -16.9887  -16.7915  -16.4533  -16.3910  -16.2193
 -16.1504  -16.1219  -15.9520  -15.8489  -15.6632  -15.4875  -15.3833  -15.3266
 -15.1859  -14.8863  -14.7911  -14.5688  -14.4267  -14.2658  -12.7343  -12.4463
  -6.1028   -2.2458   -2.1344   -1.5927   -1.2966   -1.2402   -0.7476   -0.6278
  -0.4401   -0.2953   -0.2070   -0.1708    0.0189    0.1208    0.1888    0.2184
   0.3379    0.3512    0.4379    0.4683    0.6400    0.7060    0.7299    0.7855
   0.8671    0.9116    0.9909    1.0132    1.1121    1.1612    1.1698    1.2127
   1.2269    1.3218    1.3387    1.4249    1.4402    1.4764    1.4889    1.5602
   1.5942    1.6510    1.6836    1.7446    1.8024    1.8204    1.8656    1.9071
   1.9613    2.0384    2.0862    2.1569    2.2347    2.4668    2.5675    2.7664
   2.8523

 Heat of formation   =        153.52250717 kcal/mol  (        6.65723547 eV)

 Total SCF energy    =     -69379.13310207 kcal/mol  (    -3008.50496952 eV)
 Electronic energy   =    -629696.58676184 kcal/mol  (   -27305.69302120 eV)
 Core-core repulsion =     560317.45365977 kcal/mol  (    24297.18805168 eV)
 
    Atomic Charges for Step       1 :
  Atom    Element       Mulliken Charge
     1      C                 -0.132
     2      C                 -0.209
     3      C                 -0.084
     4      C                 -0.138
     5      C                 -0.128
     6      C                 -0.178
     7      C                 -0.100
     8      C                 -0.148
     9      C                 -0.160
    10      C                 -0.200
    11      C                  0.327
    12      C                 -0.242
    13      C                 -0.150
    14      C                 -0.115
    15      C                 -0.006
    16      C                 -0.201
    17      C                 -0.191
    18      C                 -0.302
    19      C                 -0.217
    20      C                 -0.230
    21      H                  0.128
    22      H                  0.081
    23      H                  0.096
    24      H                  0.125
    25      H                  0.223
    26      H                  0.112
    27      H                  0.112
    28      H                  0.093
    29      H                  0.123
    30      H                  0.076
    31      H                  0.126
    32      H                  0.101
    33      H                  0.142
    34      H                  0.184
    35      H                  0.108
    36      H                  0.126
    37      H                  0.116
    38      H                  0.086
    39      H                  0.075
    40      H                  0.107
    41      H                  0.096
    42      H                  0.088
    43      H                  0.158
    44      H                  0.155
    45      H                  0.186
    46      H                  0.095
    47      H                  0.093
    48      H                  0.105
    49      H                  0.066
    50      H                  0.113
    51      H                  0.097
    52      H                  0.103
    53      H                  0.109
 Total Mulliken Charge =       1.000
 
                  X        Y        Z     TOTAL  
  QM DIPOLE    79.783  124.751  -31.925  151.484
 
 Final Structure

  QMMM: QM Region Cartesian Coordinates (*=link atom) 
  QMMM: QM_NO.   MM_NO.  ATOM         X         Y         Z
  QMMM:     1        1      C       14.1376   25.8549   -8.6663
  QMMM:     2        2      C       14.5836   24.4808   -8.3452
  QMMM:     3        3      C       14.2059   23.6951   -7.3214
  QMMM:     4        4      C       14.7250   22.2940   -7.2371
  QMMM:     5        5      C       15.7695   22.0722   -6.1529
  QMMM:     6        6      C       16.8878   23.0418   -6.1869
  QMMM:     7        7      C       17.9196   23.0700   -7.0476
  QMMM:     8        8      C       18.9415   24.1608   -6.9662
  QMMM:     9        9      C       18.5670   25.3974   -7.7736
  QMMM:    10       10      C       17.1619   25.8919   -7.4836
  QMMM:    11       11      C       16.9266   26.4494   -6.1530
  QMMM:    12       12      C       15.5356   26.7466   -5.7846
  QMMM:    13       13      C       14.7847   27.5125   -6.8619
  QMMM:    14       14      C       15.0460   27.0239   -8.2780
  QMMM:    15       15      C       16.5513   26.8471   -8.5530
  QMMM:    16       16      C       13.2299   24.0728   -6.2740
  QMMM:    17       17      C       18.1495   22.0669   -8.1119
  QMMM:    18       18      C       17.9703   26.6616   -5.1590
  QMMM:    19       19      C       16.7636   26.3053   -9.9589
  QMMM:    20       20      C       17.2573   28.1974   -8.4612
  QMMM:    21       21      H       15.2510   24.0399   -9.1125
  QMMM:    22       22      H       16.8380   23.8101   -5.3925
  QMMM:    23       23      H       15.1626   21.9900   -8.2270
  QMMM:    24       24      H       14.7185   27.8753   -8.9544
  QMMM:    25       25      H       16.4869   24.9524   -7.5342
  QMMM:    26       26      H       13.8597   21.6044   -7.0340
  QMMM:    27       27      H       16.1666   21.0249   -6.2613
  QMMM:    28       28      H       15.2698   22.1277   -5.1472
  QMMM:    29       29      H       19.9249   23.7789   -7.3565
  QMMM:    30       30      H       19.1102   24.4445   -5.8930
  QMMM:    31       31      H       18.6303   25.1302   -8.8641
  QMMM:    32       32      H       19.3212   26.2069   -7.5912
  QMMM:    33       33      H       15.4632   27.2978   -4.8074
  QMMM:    34       34      H       15.0209   25.7400   -5.6415
  QMMM:    35       35      H       15.0694   28.5976   -6.7878
  QMMM:    36       36      H       13.6859   27.4484   -6.6342
  QMMM:    37       37      H       12.2729   23.5129   -6.4406
  QMMM:    38       38      H       13.6144   23.7965   -5.2598
  QMMM:    39       39      H       12.9950   25.1656   -6.2854
  QMMM:    40       40      H       19.0783   21.4832   -7.8848
  QMMM:    41       41      H       17.2976   21.3489   -8.1993
  QMMM:    42       42      H       18.2902   22.5745   -9.0993
  QMMM:    43       43      H       18.9834   26.8115   -5.6180
  QMMM:    44       44      H       17.7367   27.5329   -4.4893
  QMMM:    45       45      H       18.0350   25.7468   -4.4961
  QMMM:    46       46      H       17.8146   26.4824  -10.2962
  QMMM:    47       47      H       16.5520   25.2121  -10.0163
  QMMM:    48       48      H       16.0809   26.8358  -10.6685
  QMMM:    49       49      H       17.1226   28.6573   -7.4526
  QMMM:    50       50      H       16.8444   28.8961   -9.2294
  QMMM:    51       51      H       18.3517   28.0751   -8.6521
  QMMM:    52       52      H       13.1220   26.0458   -8.2209
  QMMM:    53       53      H       14.0051   25.8998   -9.7863

           --------- Calculation Completed ----------

